<?xml version="1.0" encoding="UTF-8"?>
<!-- Generated by org.testng.reporters.JUnitXMLReporter -->
<testsuite ignored="0" hostname="lwo1-dmc-a01682.local" failures="0" tests="4" name="Default test" time="4.916" errors="0" timestamp="2021-11-23T11:11:02 EET">
  <testcase classname="store" name="deleteOrderByID" time="1.622"/>
  <testcase classname="store" name="getOrderByID" time="1.153"/>
  <testcase classname="store" name="getPetInvenroriesByStatus" time="0.854"/>
  <testcase classname="store" name="postNewPet" time="0.898"/>
</testsuite> <!-- Default test -->
