<?xml version="1.0" encoding="UTF-8"?>
<!-- Generated by org.testng.reporters.JUnitXMLReporter -->
<testsuite ignored="0" hostname="lwo1-dmc-a01682.local" failures="0" tests="5" name="Default test" time="6.9" errors="0" timestamp="2021-11-22T11:59:21 EET">
  <testcase classname="pet" name="getPetsByID17" time="1.672"/>
  <testcase classname="pet" name="getPetsByID6" time="0.876"/>
  <testcase classname="pet" name="getPetsWithAvailableStatus" time="1.454"/>
  <testcase classname="pet" name="getPetsWithPendingStatus" time="1.177"/>
  <testcase classname="pet" name="getPetsWithSoldStatus" time="1.329"/>
</testsuite> <!-- Default test -->
