<?xml version="1.0" encoding="UTF-8"?>
<testng-results ignored="0" total="4" passed="4" failed="0" skipped="0">
  <reporter-output>
  </reporter-output>
  <suite started-at="2021-11-23T11:10:56 EET" name="Default suite" finished-at="2021-11-23T11:11:01 EET" duration-ms="4916">
    <groups>
    </groups>
    <test started-at="2021-11-23T11:10:56 EET" name="Default test" finished-at="2021-11-23T11:11:01 EET" duration-ms="4916">
      <class name="store">
        <test-method is-config="true" signature="SetUp()[pri:0, instance:store@3bf9ce3e]" started-at="2021-11-23T11:10:56 EET" name="SetUp" finished-at="2021-11-23T11:10:57 EET" duration-ms="369" status="PASS">
          <reporter-output>
          </reporter-output>
        </test-method> <!-- SetUp -->
        <test-method signature="deleteOrderByID()[pri:0, instance:store@3bf9ce3e]" started-at="2021-11-23T11:10:57 EET" name="deleteOrderByID" finished-at="2021-11-23T11:10:58 EET" duration-ms="1622" status="PASS">
          <reporter-output>
          </reporter-output>
        </test-method> <!-- deleteOrderByID -->
        <test-method signature="getOrderByID()[pri:0, instance:store@3bf9ce3e]" started-at="2021-11-23T11:10:58 EET" name="getOrderByID" finished-at="2021-11-23T11:11:00 EET" duration-ms="1153" status="PASS">
          <reporter-output>
          </reporter-output>
        </test-method> <!-- getOrderByID -->
        <test-method signature="getPetInvenroriesByStatus()[pri:0, instance:store@3bf9ce3e]" started-at="2021-11-23T11:11:00 EET" name="getPetInvenroriesByStatus" finished-at="2021-11-23T11:11:00 EET" duration-ms="854" status="PASS">
          <reporter-output>
          </reporter-output>
        </test-method> <!-- getPetInvenroriesByStatus -->
        <test-method signature="postNewPet()[pri:0, instance:store@3bf9ce3e]" started-at="2021-11-23T11:11:00 EET" name="postNewPet" finished-at="2021-11-23T11:11:01 EET" duration-ms="898" status="PASS">
          <reporter-output>
          </reporter-output>
        </test-method> <!-- postNewPet -->
      </class> <!-- store -->
    </test> <!-- Default test -->
  </suite> <!-- Default suite -->
</testng-results>
