<?xml version="1.0" encoding="UTF-8"?>
<testng-results ignored="0" total="5" passed="5" failed="0" skipped="0">
  <reporter-output>
  </reporter-output>
  <suite started-at="2021-11-22T11:59:14 EET" name="Default suite" finished-at="2021-11-22T11:59:21 EET" duration-ms="6900">
    <groups>
    </groups>
    <test started-at="2021-11-22T11:59:14 EET" name="Default test" finished-at="2021-11-22T11:59:21 EET" duration-ms="6900">
      <class name="pet">
        <test-method is-config="true" signature="SetUp()[pri:0, instance:pet@16610890]" started-at="2021-11-22T11:59:14 EET" name="SetUp" finished-at="2021-11-22T11:59:14 EET" duration-ms="371" status="PASS">
          <reporter-output>
          </reporter-output>
        </test-method> <!-- SetUp -->
        <test-method signature="getPetsByID17()[pri:0, instance:pet@16610890]" started-at="2021-11-22T11:59:14 EET" name="getPetsByID17" finished-at="2021-11-22T11:59:16 EET" duration-ms="1672" status="PASS">
          <reporter-output>
          </reporter-output>
        </test-method> <!-- getPetsByID17 -->
        <test-method signature="getPetsByID6()[pri:0, instance:pet@16610890]" started-at="2021-11-22T11:59:16 EET" name="getPetsByID6" finished-at="2021-11-22T11:59:17 EET" duration-ms="876" status="PASS">
          <reporter-output>
          </reporter-output>
        </test-method> <!-- getPetsByID6 -->
        <test-method signature="getPetsWithAvailableStatus()[pri:0, instance:pet@16610890]" started-at="2021-11-22T11:59:17 EET" name="getPetsWithAvailableStatus" finished-at="2021-11-22T11:59:18 EET" duration-ms="1454" status="PASS">
          <reporter-output>
          </reporter-output>
        </test-method> <!-- getPetsWithAvailableStatus -->
        <test-method signature="getPetsWithPendingStatus()[pri:0, instance:pet@16610890]" started-at="2021-11-22T11:59:18 EET" name="getPetsWithPendingStatus" finished-at="2021-11-22T11:59:19 EET" duration-ms="1177" status="PASS">
          <reporter-output>
          </reporter-output>
        </test-method> <!-- getPetsWithPendingStatus -->
        <test-method signature="getPetsWithSoldStatus()[pri:0, instance:pet@16610890]" started-at="2021-11-22T11:59:19 EET" name="getPetsWithSoldStatus" finished-at="2021-11-22T11:59:21 EET" duration-ms="1329" status="PASS">
          <reporter-output>
          </reporter-output>
        </test-method> <!-- getPetsWithSoldStatus -->
      </class> <!-- pet -->
    </test> <!-- Default test -->
  </suite> <!-- Default suite -->
</testng-results>
