<?xml version="1.0" encoding="UTF-8"?>
<!-- Generated by org.testng.reporters.JUnitReportReporter -->
<testsuite hostname="lwo1-dmc-a01682.local" failures="1" tests="1" name="Test04_Get" time="2.294" errors="0" timestamp="2021-11-17T17:14:38 EET" skipped="0">
  <testcase classname="Test04_Get" name="getResponseBody" time="2.294">
    <failure message="1 expectation failed.
JSON path $ doesn&#039;t match.
Expected: a collection containing &quot;available&quot;
  Actual: &lt;[{id=34882910, category={id=-42461618, name=esse cillum do eu}, name=doggie, photoUrls=[exercitation minim dolore laborum, Ut tempor anim et], tags=[{id=46348201, name=pariatur}, {id=-46179953, name=labore Lorem ullamco sunt}], status=available}, {id=9223372000001103512, category={id=0, name=string}, name=doggie, photoUrls=[string], tags=[{id=0, name=string}], status=available}, {id=9223372000001103513, category={id=0, name=string}, name=fish, photoUrls=[string], tags=[{id=0, name=string}], status=available}, {id=9223372000001103514, category={id=0, name=string}, name=doggie, photoUrls=[string], tags=[{id=0, name=string}], status=available}, {id=9223372000001103515, category={id=0, name=string}, name=doggie, photoUrls=[string], tags=[{id=0, name=string}], status=available}, {id=9223372000001103516, category={id=0, name=string}, name=doggie, photoUrls=[string], tags=[{id=0, name=string}], status=available}, {id=9223372000001103517, category={id=0, name=string}, name=doggie, photoUrls=[string], tags=[{id=0, name=string}], status=available}, {id=9223372000001103518, category={id=0, name=string}, name=fish, photoUrls=[string], tags=[{id=0, name=string}], status=available}, {id=9223372000001103519, category={id=0, name=string}, name=doggie, photoUrls=[string], tags=[{id=0, name=string}], status=available}, {id=9223372000001103520, category={id=0, name=string}, name=doggie, photoUrls=[string], tags=[{id=0, name=string}], status=available}, {id=9223372000001103521, category={id=0, name=string}, name=doggie, photoUrls=[string], tags=[{id=0, name=string}], status=available}, {id=9223372000001103522, category={id=0, name=string}, name=doggie, photoUrls=[string], tags=[{id=0, name=string}], status=available}, {id=9223372000001103523, category={id=0, name=string}, name=doggie, photoUrls=[string], tags=[{id=0, name=string}], status=available}, {id=9223372000001103524, category={id=0, name=string}, name=fish, photoUrls=[string], tags=[{id=0, name=string}], status=available}, {id=9223372000001103531, category={id=0, name=string}, name=fish, photoUrls=[string], tags=[{id=0, name=string}], status=available}, {id=9223372000001103532, category={id=0, name=string}, name=doggie, photoUrls=[string], tags=[{id=0, name=string}], status=available}, {id=9223372000001103533, category={id=0, name=string}, name=doggie, photoUrls=[string], tags=[{id=0, name=string}], status=available}, {id=9223372000001103534, category={id=0, name=string}, name=fish, photoUrls=[string], tags=[{id=0, name=string}], status=available}, {id=9223372000001103535, category={id=0, name=string}, name=doggie, photoUrls=[string], tags=[{id=0, name=string}], status=available}, {id=9223372000001103536, category={id=0, name=string}, name=doggie, photoUrls=[string], tags=[{id=0, name=string}], status=available}, {id=9223372000001103537, category={id=0, name=string}, name=doggie, photoUrls=[string], tags=[{id=0, name=string}], status=available}, {id=9223372000001103538, category={id=0, name=string}, name=doggie, photoUrls=[string], tags=[{id=0, name=string}], status=available}, {id=9223372000001103539, category={id=0, name=string}, name=doggie, photoUrls=[string], tags=[{id=0, name=string}], status=available}, {id=9223372000001103540, category={id=0, name=string}, name=fish, photoUrls=[string], tags=[{id=0, name=string}], status=available}, {id=9223372000001103541, category={id=0, name=string}, name=doggie, photoUrls=[string], tags=[{id=0, name=string}], status=available}, {id=9223372000001103542, category={id=0, name=string}, name=doggie, photoUrls=[string], tags=[{id=0, name=string}], status=available}, {id=9223372000001103543, category={id=0, name=string}, name=doggie, photoUrls=[string], tags=[{id=0, name=string}], status=available}, {id=9223372000001103544, category={id=0, name=string}, name=doggie, photoUrls=[string], tags=[{id=0, name=string}], status=available}, {id=9223372000001103545, category={id=0, name=string}, name=fish, photoUrls=[string], tags=[{id=0, name=string}], status=available}, {id=9223372000001103546, category={id=0, name=string}, name=doggie, photoUrls=[string], tags=[{id=0, name=string}], status=available}, {id=9223372000001103547, category={id=0, name=string}, name=doggie, photoUrls=[string], tags=[{id=0, name=string}], status=available}, {id=9223372000001103550, category={id=0, name=string}, name=doggie, photoUrls=[string], tags=[{id=0, name=string}], status=available}, {id=9223372000001103554, category={id=0, name=string}, name=doggie, photoUrls=[string], tags=[{id=0, name=string}], status=available}, {id=9223372000001103555, category={id=0, name=string}, name=test, photoUrls=[string], tags=[{id=0, name=string}], status=available}, {id=9223372000001103556, category={id=0, name=string}, name=test, photoUrls=[string], tags=[{id=0, name=string}], status=available}, {id=9223372000001103557, category={id=0, name=string}, name=fish, photoUrls=[string], tags=[{id=0, name=string}], status=available}, {id=9223372000001103558, category={id=0, name=string}, name=fish, photoUrls=[string], tags=[{id=0, name=string}], status=available}, {id=9223372000001103559, category={id=0, name=string}, name=doggie, photoUrls=[string], tags=[{id=0, name=string}], status=available}, {id=9223372000001103561, category={id=0, name=string}, name=doggie, photoUrls=[string], tags=[{id=0, name=string}], status=available}, {id=9223372000001103562, category={id=0, name=string}, name=doggie, photoUrls=[string], tags=[{id=0, name=string}], status=available}, {id=9223372000001103563, category={id=0, name=string}, name=doggie, photoUrls=[string], tags=[{id=0, name=string}], status=available}, {id=9223372000001103564, category={id=0, name=string}, name=doggie, photoUrls=[string], tags=[{id=0, name=string}], status=available}, {id=9223372000001103566, category={id=0, name=string}, name=doggie, photoUrls=[string], tags=[{id=0, name=string}], status=available}, {id=9223372000001103567, category={id=0, name=string}, name=doggie, photoUrls=[string], tags=[{id=0, name=string}], status=available}, {id=9223372000001103568, category={id=0, name=string}, name=doggie, photoUrls=[string], tags=[{id=0, name=string}], status=available}, {id=9223372000001103569, category={id=0, name=string}, name=doggie, photoUrls=[string], tags=[{id=0, name=string}], status=available}, {id=9223372000001103570, category={id=0, name=string}, name=doggie, photoUrls=[string], tags=[{id=0, name=string}], status=available}, {id=9223372000001103571, category={id=0, name=string}, name=fish, photoUrls=[string], tags=[{id=0, name=string}], status=available}, {id=9223372000001103572, category={id=0, name=string}, name=doggie, photoUrls=[string], tags=[{id=0, name=string}], status=available}, {id=9223372000001103573, category={id=0, name=string}, name=doggie, photoUrls=[string], tags=[{id=0, name=string}], status=available}, {id=9223372000001103574, category={id=0, name=string}, name=fish, photoUrls=[string], tags=[{id=0, name=string}], status=available}, {id=9223372000001103580, category={id=0, name=string}, name=doggie, photoUrls=[string], tags=[{id=0, name=string}], status=available}, {id=9223372000001103581, category={id=0, name=string}, name=doggie, photoUrls=[string], tags=[{id=0, name=string}], status=available}, {id=9223372000001103582, category={id=0, name=string}, name=fish, photoUrls=[string], tags=[{id=0, name=string}], status=available}, {id=9223372000001103583, category={id=0, name=string}, name=fish, photoUrls=[string], tags=[{id=0, name=string}], status=available}, {id=9223372000001103584, category={id=0, name=string}, name=doggie, photoUrls=[string], tags=[{id=0, name=string}], status=available}, {id=9223372000001103585, category={id=0, name=string}, name=doggie, photoUrls=[string], tags=[{id=0, name=string}], status=available}, {id=9223372000001103586, category={id=0, name=string}, name=doggie, photoUrls=[string], tags=[{id=0, name=string}], status=available}, {id=9223372000001103587, category={id=0, name=string}, name=doggie, photoUrls=[string], tags=[{id=0, name=string}], status=available}, {id=9223372000001103588, category={id=0, name=string}, name=doggie, photoUrls=[string], tags=[{id=0, name=string}], status=available}, {id=9223372000001103589, category={id=0, name=string}, name=doggie, photoUrls=[string], tags=[{id=0, name=string}], status=available}, {id=9223372000001103590, category={id=0, name=string}, name=doggie, photoUrls=[string], tags=[{id=0, name=string}], status=available}, {id=9223372000001103591, category={id=0, name=string}, name=doggie, photoUrls=[string], tags=[{id=0, name=string}], status=available}, {id=9223372000001103592, category={id=0, name=string}, name=doggie, photoUrls=[string], tags=[{id=0, name=string}], status=available}, {id=9223372000001103593, category={id=0, name=string}, name=doggie, photoUrls=[string], tags=[{id=0, name=string}], status=available}, {id=9223372000001103594, category={id=0, name=string}, name=doggie, photoUrls=[string], tags=[{id=0, name=string}], status=available}, {id=9223372000001103595, category={id=0, name=string}, name=doggie, photoUrls=[string], tags=[{id=0, name=string}], status=available}, {id=9223372000001103602, category={id=0, name=string}, name=doggie, photoUrls=[string], tags=[{id=0, name=string}], status=available}, {id=9223372000001103603, category={id=0, name=string}, name=doggie, photoUrls=[string], tags=[{id=0, name=string}], status=available}, {id=9223372000001103604, category={id=0, name=string}, name=doggie, photoUrls=[string], tags=[{id=0, name=string}], status=available}, {id=923, category={id=0, name=string}, name=Cat, photoUrls=[string], tags=[{id=0, name=string}], status=available}, {id=9223372000001103605, category={id=0, name=string}, name=doggie, photoUrls=[string], tags=[{id=0, name=string}], status=available}, {id=9223372000001103606, category={id=0, name=string}, name=doggie, photoUrls=[string], tags=[{id=0, name=string}], status=available}, {id=9223372000001103608, category={id=0, name=string}, name=doggie, photoUrls=[string], tags=[{id=0, name=string}], status=available}, {id=9223372000001103609, category={id=0, name=string}, name=doggie, photoUrls=[string], tags=[{id=0, name=string}], status=available}, {id=9223372000001103610, category={id=0, name=string}, name=fish, photoUrls=[string], tags=[{id=0, name=string}], status=available}, {id=9223372000001103611, category={id=0, name=string}, name=doggie, photoUrls=[string], tags=[{id=0, name=string}], status=available}, {id=9223372000001103612, category={id=0, name=string}, name=doggie, photoUrls=[string], tags=[{id=0, name=string}], status=available}, {id=9223372000001103613, category={id=0, name=string}, name=doggie, photoUrls=[string], tags=[{id=0, name=string}], status=available}, {id=9223372000001103614, category={id=0, name=string}, name=doggie, photoUrls=[string], tags=[{id=0, name=string}], status=available}, {id=9223372000001103615, category={id=0, name=string}, name=doggie, photoUrls=[string], tags=[{id=0, name=string}], status=available}, {id=9223372000001103616, category={id=0, name=string}, name=doggie, photoUrls=[string], tags=[{id=0, name=string}], status=available}, {id=9223372000001103617, category={id=0, name=string}, name=fish, photoUrls=[string], tags=[{id=0, name=string}], status=available}, {id=9223372000001103626, category={id=0, name=brian}, name=doggie, photoUrls=[string], tags=[{id=0, name=string}], status=available}, {id=9223372000001103627, category={id=0, name=string}, name=doggie, photoUrls=[string], tags=[{id=0, name=string}], status=available}, {id=9223372000001103628, category={id=0, name=string}, name=doggie, photoUrls=[string], tags=[{id=0, name=string}], status=available}, {id=9223372000001103629, category={id=0, name=string}, name=doggie, photoUrls=[string], tags=[{id=0, name=string}], status=available}, {id=474, category={id=0, name=my_pets}, name=gin, photoUrls=[string], tags=[{id=0, name=string}], status=available}, {id=9223372000001103630, category={id=0, name=string}, name=doggie, photoUrls=[string], tags=[{id=0, name=string}], status=available}, {id=9223372000001103631, category={id=0, name=string}, name=doggie, photoUrls=[string], tags=[{id=0, name=string}], status=available}, {id=9223372000001103632, category={id=0, name=string}, name=doggie, photoUrls=[string], tags=[{id=0, name=string}], status=available}, {id=9223372000001103633, category={id=0, name=string}, name=doggie, photoUrls=[string], tags=[{id=0, name=string}], status=available}, {id=9223372000001103634, category={id=0, name=string}, name=doggie, photoUrls=[string], tags=[{id=0, name=string}], status=available}, {id=9223372000001103635, category={id=0, name=string}, name=doggie, photoUrls=[string], tags=[{id=0, name=string}], status=available}, {id=9223372000001103636, category={id=0, name=string}, name=doggie, photoUrls=[string], tags=[{id=0, name=string}], status=available}, {id=9223372000001103637, category={id=0, name=string}, name=doggie, photoUrls=[string], tags=[{id=0, name=string}], status=available}, {id=9223372000001103638, category={id=0, name=string}, name=doggie, photoUrls=[string], tags=[{id=0, name=string}], status=available}, {id=9223372000001103639, category={id=0, name=string}, name=doggie, photoUrls=[string], tags=[{id=0, name=string}], status=available}, {id=9223372000001103640, category={id=0, name=dogs}, name=qa_doggie, photoUrls=[image.jpg], tags=[{id=0, name=qa_tag}], status=available}, {id=9223372000001103641, category={id=0, name=dogs}, name=qa_doggie, photoUrls=[image.jpg], tags=[{id=0, name=qa_tag}], status=available}, {id=9223372000001103642, category={id=0, name=string}, name=doggie, photoUrls=[string], tags=[{id=0, name=string}], status=available}, {id=85492, category={id=85492, name=Mel Loewe}, name=Mel Loewe, photoUrls=[https://www.vets4pets.com/pet-health-advice/cat-advice/neutering-your-cat/], tags=[{id=85492, name=Mel Loewe}], status=available}, {id=9223372000001103644, category={id=0, name=string}, name=fish, photoUrls=[string], tags=[{id=0, name=string}], status=available}, {id=45246, category={id=45246, name=Citik}, name=Citik, photoUrls=[], tags=[{id=45246, name=Citik}], status=available}, {id=60041, category={id=60041, name=Hy Ball}, name=Hy Ball, photoUrls=[https://www.vets4pets.com/pet-health-advice/cat-advice/neutering-your-cat/], tags=[{id=60041, name=Hy Ball}], status=available}, {id=9223372000001103645, category={id=0, name=string}, name=doggie, photoUrls=[string], tags=[{id=0, name=string}], status=available}, {id=9223372000001103646, category={id=0, name=string}, name=doggie, photoUrls=[string], tags=[{id=0, name=string}], status=available}, {id=9223372000001103647, category={id=0, name=string}, name=doggie, photoUrls=[string], tags=[{id=0, name=string}], status=available}, {id=9223372000001103648, category={id=0, name=string}, name=doggie, photoUrls=[string], tags=[{id=0, name=string}], status=available}, {id=9223372000001103649, category={id=0, name=string}, name=doggie, photoUrls=[string], tags=[{id=0, name=string}], status=available}, {id=9223372000001103650, category={id=0, name=string}, name=doggie, photoUrls=[string], tags=[{id=0, name=string}], status=available}, {id=9223372000001103651, category={id=0, name=string}, name=doggie, photoUrls=[string], tags=[{id=0, name=string}], status=available}, {id=9223372000001103652, category={id=0, name=string}, name=doggie, photoUrls=[string], tags=[{id=0, name=string}], status=available}, {id=9223372000001103653, category={id=0, name=string}, name=fish, photoUrls=[string], tags=[{id=0, name=string}], status=available}, {id=9223372000001103654, category={id=0, name=string}, name=doggie, photoUrls=[string], tags=[{id=0, name=string}], status=available}, {id=9223372000001103655, category={id=0, name=string}, name=doggie, photoUrls=[string], tags=[{id=0, name=string}], status=available}, {id=9223372000001103657, category={id=0, name=string}, name=doggie, photoUrls=[string], tags=[{id=0, name=string}], status=available}, {id=9223372000001103658, category={id=0, name=string}, name=fish, photoUrls=[string], tags=[{id=0, name=string}], status=available}, {id=9223372000001103666, category={id=0, name=string}, name=fish, photoUrls=[string], tags=[{id=0, name=string}], status=available}, {id=9223372000001103667, category={id=0, name=string}, name=doggie, photoUrls=[string], tags=[{id=0, name=string}], status=available}, {id=9223372000001103668, category={id=0, name=string}, name=doggie, photoUrls=[string], tags=[{id=0, name=string}], status=available}, {id=9223372000001103669, category={id=0, name=string}, name=doggie, photoUrls=[string], tags=[{id=0, name=string}], status=available}, {id=9223372000001103670, category={id=0, name=string}, name=doggie, photoUrls=[string], tags=[{id=0, name=string}], status=available}, {id=9223372000001103671, category={id=0, name=string}, name=doggie, photoUrls=[string], tags=[{id=0, name=string}], status=available}, {id=9223372000001103672, category={id=0, name=string}, name=fish, photoUrls=[string], tags=[{id=0, name=string}], status=available}, {id=9223372000001103673, category={id=0, name=string}, name=doggie, photoUrls=[string], tags=[{id=0, name=string}], status=available}, {id=9223372000001103674, category={id=0, name=string}, name=doggie, photoUrls=[string], tags=[{id=0, name=string}], status=available}, {id=9223372000001103675, category={id=0, name=string}, name=doggie, photoUrls=[string], tags=[{id=0, name=string}], status=available}, {id=9223372000001103676, category={id=0, name=string}, name=doggie, photoUrls=[string], tags=[{id=0, name=string}], status=available}, {id=9223372000001103677, category={id=0, name=string}, name=fish, photoUrls=[string], tags=[{id=0, name=string}], status=available}, {id=9223372000001103678, category={id=0, name=tommy}, name=doggie, photoUrls=[none], tags=[{id=1, name=doggy}], status=available}, {id=9223372000001103679, category={id=0, name=string}, name=doggie, photoUrls=[string], tags=[{id=0, name=string}], status=available}, {id=9223372000001103685, category={id=0, name=string}, name=doggie, photoUrls=[string], tags=[{id=0, name=string}], status=available}, {id=9223372000001103686, category={id=0, name=string}, name=fish, photoUrls=[string], tags=[{id=0, name=string}], status=available}, {id=9223372000001103687, category={id=0, name=string}, name=doggie, photoUrls=[string], tags=[{id=0, name=string}], status=available}, {id=9223372000001103688, category={id=0, name=string}, name=doggie, photoUrls=[string], tags=[{id=0, name=string}], status=available}, {id=9223372000001103689, category={id=0, name=string}, name=doggie, photoUrls=[string], tags=[{id=0, name=string}], status=available}, {id=9223372000001103690, category={id=0, name=string}, name=doggie, photoUrls=[string], tags=[{id=0, name=string}], status=available}, {id=9223372000001103691, category={id=0, name=string}, name=doggie, photoUrls=[string], tags=[{id=0, name=string}], status=available}, {id=9223372000001103692, category={id=0, name=string}, name=doggie, photoUrls=[string], tags=[{id=0, name=string}], status=available}, {id=9223372000001103693, category={id=0, name=string}, name=doggie, photoUrls=[string], tags=[{id=0, name=string}], status=available}, {id=9223372000001103694, category={id=0, name=string}, name=doggie, photoUrls=[string], tags=[{id=0, name=string}], status=available}, {id=9223372000001103695, category={id=0, name=string}, name=doggie, photoUrls=[string], tags=[{id=0, name=string}], status=available}, {id=888, category={id=0, name=string}, name=doggie3, photoUrls=[string], tags=[{id=0, name=doggieeeeeee}], status=available}, {id=154, category={id=0, name=string}, name=doggie, photoUrls=[string], tags=[{id=0, name=string}], status=available}, {id=9223372000001103701, category={id=0, name=string}, name=fish, photoUrls=[string], tags=[{id=0, name=string}], status=available}, {id=1010, category={id=0, name=string}, name=Павлин, photoUrls=[string], tags=[{id=0, name=string}], status=available}, {id=9223372000001103702, category={id=0, name=string}, name=doggie, photoUrls=[string], tags=[{id=0, name=string}], status=available}, {id=9223372000001103703, category={id=0, name=string}, name=doggie, photoUrls=[string], tags=[{id=0, name=string}], status=available}, {id=9223372000001103704, category={id=0, name=string}, name=doggie, photoUrls=[string], tags=[{id=0, name=string}], status=available}, {id=9223372000001103705, category={id=0, name=string}, name=doggie, photoUrls=[string], tags=[{id=0, name=string}], status=available}, {id=9223372000001103706, category={id=0, name=string}, name=doggie, photoUrls=[string], tags=[{id=0, name=string}], status=available}, {id=9223372000001103707, category={id=0, name=string}, name=doggie, photoUrls=[string], tags=[{id=0, name=string}], status=available}, {id=9223372000001103708, category={id=0, name=string}, name=doggie, photoUrls=[string], tags=[{id=0, name=string}], status=available}, {id=9223372000001103709, category={id=0, name=string}, name=doggie, photoUrls=[string], tags=[{id=0, name=string}], status=available}, {id=9223372000001103710, category={id=0, name=string}, name=doggie, photoUrls=[string], tags=[{id=0, name=string}], status=available}, {id=9223372000001103711, category={id=0, name=string}, name=doggie, photoUrls=[string], tags=[{id=0, name=string}], status=available}, {id=9223372000001103712, category={id=0, name=string}, name=fish, photoUrls=[string], tags=[{id=0, name=string}], status=available}, {id=9223372000001103713, category={id=0, name=string}, name=doggie, photoUrls=[string], tags=[{id=0, name=string}], status=available}, {id=9223372000001103714, category={id=0, name=string}, name=doggie, photoUrls=[string], tags=[{id=0, name=string}], status=available}, {id=9223372000001103715, category={id=0, name=string}, name=doggie, photoUrls=[string], tags=[{id=0, name=string}], status=available}, {id=9223372000001103716, category={id=0, name=string}, name=doggie, photoUrls=[string], tags=[{id=0, name=string}], status=available}, {id=9223372000001103717, category={id=0, name=string}, name=doggie, photoUrls=[string], tags=[{id=0, name=string}], status=available}, {id=9223372000001103718, category={id=0, name=string}, name=doggie, photoUrls=[string], tags=[{id=0, name=string}], status=available}, {id=9223372000001103719, category={id=0, name=string}, name=doggie, photoUrls=[string], tags=[{id=0, name=string}], status=available}, {id=9223372000001103720, category={id=0, name=string}, name=doggie, photoUrls=[string], tags=[{id=0, name=string}], status=available}, {id=9223372000001103721, category={id=0, name=string}, name=doggie, photoUrls=[string], tags=[{id=0, name=string}], status=available}, {id=9223372000001103722, category={id=0, name=string}, name=doggie, photoUrls=[string], tags=[{id=0, name=string}], status=available}, {id=9223372000001103723, category={id=0, name=string}, name=doggie, photoUrls=[string], tags=[{id=0, name=string}], status=available}, {id=9223372000001103724, category={id=0, name=string}, name=doggie, photoUrls=[string], tags=[{id=0, name=string}], status=available}, {id=9223372000001103725, category={id=0, name=string}, name=doggie, photoUrls=[string], tags=[{id=0, name=string}], status=available}, {id=9223372000001103726, category={id=0, name=string}, name=doggie, photoUrls=[string], tags=[{id=0, name=string}], status=available}, {id=9223372000001103727, category={id=0, name=string}, name=doggie, photoUrls=[string], tags=[{id=0, name=string}], status=available}, {id=9223372000001103728, category={id=0, name=string}, name=doggie, photoUrls=[string], tags=[{id=0, name=string}], status=available}, {id=9223372000001103729, category={id=0, name=string}, name=doggie, photoUrls=[string], tags=[{id=0, name=string}], status=available}, {id=9223372000001103730, category={id=0, name=string}, name=doggie, photoUrls=[string], tags=[{id=0, name=string}], status=available}, {id=9223372000001103731, category={id=0, name=string}, name=doggie, photoUrls=[string], tags=[{id=0, name=string}], status=available}, {id=9223372000001103732, category={id=0, name=string}, name=doggie, photoUrls=[string], tags=[{id=0, name=string}], status=available}, {id=9223372000001103733, category={id=0, name=string}, name=doggie, photoUrls=[string], tags=[{id=0, name=string}], status=available}, {id=9223372000001103734, category={id=0, name=string}, name=doggie, photoUrls=[string], tags=[{id=0, name=string}], status=available}, {id=9223372000001103735, category={id=0, name=string}, name=doggie, photoUrls=[string], tags=[{id=0, name=string}], status=available}, {id=9223372000001103736, category={id=0, name=dogs}, name=qa_doggie, photoUrls=[image.jpg], tags=[{id=0, name=qa_tag}], status=available}, {id=9223372000001103741, category={id=0, name=string}, name=doggie, photoUrls=[string], tags=[{id=0, name=string}], status=available}, {id=9223372000001103742, category={id=0, name=string}, name=doggie, photoUrls=[string], tags=[{id=0, name=string}], status=available}, {id=9223372000001103743, category={id=0, name=string}, name=doggie, photoUrls=[string], tags=[{id=0, name=string}], status=available}, {id=9223372000001103744, category={id=0, name=string}, name=doggie, photoUrls=[string], tags=[{id=0, name=string}], status=available}, {id=9223372000001103745, category={id=0, name=string}, name=doggie, photoUrls=[string], tags=[{id=0, name=string}], status=available}, {id=9223372000001103746, category={id=0, name=string}, name=doggie, photoUrls=[string], tags=[{id=0, name=string}], status=available}, {id=9223372000001103747, category={id=0, name=string}, name=doggie, photoUrls=[string], tags=[{id=0, name=string}], status=available}, {id=9223372000001103748, category={id=0, name=string}, name=doggie, photoUrls=[string], tags=[{id=0, name=string}], status=available}, {id=9223372000001103749, category={id=0, name=string}, name=doggie, photoUrls=[string], tags=[{id=0, name=string}], status=available}, {id=9223372000001103750, category={id=0, name=string}, name=doggie, photoUrls=[string], tags=[{id=0, name=string}], status=available}, {id=9223372000001103751, category={id=0, name=string}, name=doggie, photoUrls=[string], tags=[{id=0, name=string}], status=available}, {id=9223372000001103752, category={id=0, name=string}, name=doggie, photoUrls=[string], tags=[{id=0, name=string}], status=available}, {id=9223372000001103753, category={id=0, name=string}, name=doggie, photoUrls=[string], tags=[{id=0, name=string}], status=available}, {id=9223372000001103754, category={id=0, name=string}, name=doggie, photoUrls=[string], tags=[{id=0, name=string}], status=available}, {id=9223372000001103755, category={id=0, name=string}, name=doggie, photoUrls=[string], tags=[{id=0, name=string}], status=available}, {id=9223372000001103756, category={id=0, name=string}, name=doggie, photoUrls=[string], tags=[{id=0, name=string}], status=available}, {id=9223372000001103757, category={id=0, name=string}, name=doggie, photoUrls=[string], tags=[{id=0, name=string}], status=available}, {id=9223372000001103758, category={id=0, name=string}, name=doggie, photoUrls=[string], tags=[{id=0, name=string}], status=available}, {id=9223372000001103759, category={id=0, name=string}, name=doggie, photoUrls=[string], tags=[{id=0, name=string}], status=available}, {id=9223372000001103760, category={id=0, name=string}, name=doggie, photoUrls=[string], tags=[{id=0, name=string}], status=available}, {id=9223372000001103761, category={id=0, name=string}, name=doggie, photoUrls=[string], tags=[{id=0, name=string}], status=available}, {id=9223372000001103762, category={id=0, name=string}, name=doggie, photoUrls=[string], tags=[{id=0, name=string}], status=available}, {id=9223372000001103763, category={id=0, name=string}, name=doggie, photoUrls=[string], tags=[{id=0, name=string}], status=available}, {id=9223372000001103764, category={id=0, name=string}, name=doggie, photoUrls=[string], tags=[{id=0, name=string}], status=available}, {id=9223372000001103765, category={id=0, name=string}, name=doggie, photoUrls=[string], tags=[{id=0, name=string}], status=available}, {id=9223372000001103766, category={id=0, name=string}, name=doggie, photoUrls=[string], tags=[{id=0, name=string}], status=available}, {id=9223372000001103767, category={id=0, name=string}, name=doggie, photoUrls=[string], tags=[{id=0, name=string}], status=available}, {id=9223372000001103768, category={id=0, name=string}, name=doggie, photoUrls=[string], tags=[{id=0, name=string}], status=available}, {id=9223372000001103770, category={id=0, name=string}, name=doggie, photoUrls=[string], tags=[{id=0, name=string}], status=available}, {id=9223372000001103771, category={id=0, name=string}, name=doggie, photoUrls=[string], tags=[{id=0, name=string}], status=available}, {id=9223372000001103772, category={id=0, name=string}, name=doggie, photoUrls=[string], tags=[{id=0, name=string}], status=available}, {id=9223372000001103773, category={id=0, name=string}, name=doggie, photoUrls=[string], tags=[{id=0, name=string}], status=available}, {id=9223372000001103775, category={id=0, name=string}, name=doggie, photoUrls=[string], tags=[{id=0, name=string}], status=available}, {id=9223372000001103776, category={id=0, name=string}, name=fish, photoUrls=[string], tags=[{id=0, name=string}], status=available}, {id=9223372000001103777, category={id=0, name=string}, name=doggie, photoUrls=[string], tags=[{id=0, name=string}], status=available}, {id=9223372000001103778, category={id=0, name=string}, name=doggie, photoUrls=[string], tags=[{id=0, name=string}], status=available}, {id=9223372000001103779, category={id=0, name=string}, name=doggie, photoUrls=[string], tags=[{id=0, name=string}], status=available}, {id=9223372000001103780, category={id=0, name=string}, name=fish, photoUrls=[string], tags=[{id=0, name=string}], status=available}, {id=9223372000001103781, category={id=0, name=string}, name=doggie, photoUrls=[string], tags=[{id=0, name=string}], status=available}, {id=9223372000001103782, category={id=0, name=string}, name=doggie, photoUrls=[string], tags=[{id=0, name=string}], status=available}, {id=9223372000001103783, category={id=0, name=string}, name=doggie, photoUrls=[string], tags=[{id=0, name=string}], status=available}, {id=9223372000001103784, category={id=0, name=string}, name=doggie, photoUrls=[string], tags=[{id=0, name=string}], status=available}, {id=9223372000001103785, category={id=0, name=string}, name=doggie, photoUrls=[string], tags=[{id=0, name=string}], status=available}, {id=9223372000001103786, category={id=0, name=string}, name=doggie, photoUrls=[string], tags=[{id=0, name=string}], status=available}, {id=9223372000001103787, category={id=0, name=string}, name=doggie, photoUrls=[string], tags=[{id=0, name=string}], status=available}, {id=9223372000001103788, category={id=0, name=string}, name=doggie, photoUrls=[string], tags=[{id=0, name=string}], status=available}, {id=9223372000001103789, category={id=0, name=string}, name=doggie, photoUrls=[string], tags=[{id=0, name=string}], status=available}, {id=9223372000001103790, category={id=0, name=string}, name=doggie, photoUrls=[string], tags=[{id=0, name=string}], status=available}, {id=9223372000001103791, category={id=0, name=string}, name=doggie, photoUrls=[string], tags=[{id=0, name=string}], status=available}, {id=9223372000001103792, category={id=0, name=string}, name=doggie, photoUrls=[string], tags=[{id=0, name=string}], status=available}, {id=9223372000001103793, category={id=0, name=string}, name=doggie, photoUrls=[string], tags=[{id=0, name=string}], status=available}, {id=9223372000001103794, category={id=0, name=string}, name=doggie, photoUrls=[string], tags=[{id=0, name=string}], status=available}, {id=9223372000001103795, category={id=0, name=string}, name=doggie, photoUrls=[string], tags=[{id=0, name=string}], status=available}, {id=9223372000001103796, category={id=0, name=string}, name=doggie, photoUrls=[string], tags=[{id=0, name=string}], status=available}, {id=9223372000001103797, category={id=0, name=string}, name=doggie, photoUrls=[string], tags=[{id=0, name=string}], status=available}, {id=9223372000001103798, category={id=0, name=string}, name=doggie, photoUrls=[string], tags=[{id=0, name=string}], status=available}, {id=9223372000001103802, category={id=0, name=string}, name=doggie, photoUrls=[string], tags=[{id=0, name=string}], status=available}, {id=9223372000001103803, category={id=0, name=string}, name=doggie, photoUrls=[string], tags=[{id=0, name=string}], status=available}, {id=9223372000001103804, category={id=0, name=string}, name=doggie, photoUrls=[string], tags=[{id=0, name=string}], status=available}, {id=9223372000001103805, category={id=0, name=string}, name=doggie, photoUrls=[string], tags=[{id=0, name=string}], status=available}, {id=9223372000001103806, category={id=0, name=string}, name=doggie, photoUrls=[string], tags=[{id=0, name=string}], status=available}, {id=9223372000001103807, category={id=0, name=string}, name=doggie, photoUrls=[string], tags=[{id=0, name=string}], status=available}, {id=9223372000001103808, category={id=0, name=string}, name=doggie, photoUrls=[string], tags=[{id=0, name=string}], status=available}, {id=9223372000001103809, category={id=0, name=string}, name=doggie, photoUrls=[string], tags=[{id=0, name=string}], status=available}, {id=9223372000001103810, category={id=0, name=string}, name=doggie, photoUrls=[string], tags=[{id=0, name=string}], status=available}, {id=9223372000001103811, category={id=0, name=string}, name=doggie, photoUrls=[string], tags=[{id=0, name=string}], status=available}, {id=9223372000001103812, category={id=0, name=string}, name=doggie, photoUrls=[string], tags=[{id=0, name=string}], status=available}, {id=9223372000001103813, category={id=0, name=string}, name=doggie, photoUrls=[string], tags=[{id=0, name=string}], status=available}, {id=9223372000001103814, category={id=0, name=string}, name=doggie, photoUrls=[string], tags=[{id=0, name=string}], status=available}, {id=9223372000001103815, category={id=0, name=string}, name=doggie, photoUrls=[string], tags=[{id=0, name=string}], status=available}, {id=9223372000001103816, category={id=0, name=string}, name=doggie, photoUrls=[string], tags=[{id=0, name=string}], status=available}, {id=9223372000001103817, category={id=0, name=string}, name=doggie, photoUrls=[string], tags=[{id=0, name=string}], status=available}, {id=9223372000001103818, category={id=0, name=string}, name=doggie, photoUrls=[string], tags=[{id=0, name=string}], status=available}, {id=9223372000001103819, category={id=0, name=string}, name=doggie, photoUrls=[string], tags=[{id=0, name=string}], status=available}, {id=9223372000001103820, category={id=0, name=string}, name=doggie, photoUrls=[string], tags=[{id=0, name=string}], status=available}, {id=9223372000001103821, category={id=0, name=string}, name=doggie, photoUrls=[string], tags=[{id=0, name=string}], status=available}, {id=9223372000001103822, category={id=0, name=string}, name=doggie, photoUrls=[string], tags=[{id=0, name=string}], status=available}, {id=9223372000001103823, category={id=0, name=string}, name=doggie, photoUrls=[string], tags=[{id=0, name=string}], status=available}, {id=9223372000001103824, category={id=0, name=string}, name=doggie, photoUrls=[string], tags=[{id=0, name=string}], status=available}, {id=9223372000001103825, category={id=0, name=string}, name=doggie, photoUrls=[string], tags=[{id=0, name=string}], status=available}, {id=9223372000001103826, category={id=0, name=string}, name=doggie, photoUrls=[string], tags=[{id=0, name=string}], status=available}, {id=9223372000001103827, category={id=0, name=string}, name=doggie, photoUrls=[string], tags=[{id=0, name=string}], status=available}, {id=9223372000001103828, category={id=0, name=string}, name=doggie, photoUrls=[string], tags=[{id=0, name=string}], status=available}, {id=9223372000001103829, category={id=0, name=string}, name=doggie, photoUrls=[string], tags=[{id=0, name=string}], status=available}, {id=9223372000001103830, category={id=0, name=string}, name=doggie, photoUrls=[string], tags=[{id=0, name=string}], status=available}, {id=9223372000001103831, category={id=0, name=string}, name=doggie, photoUrls=[string], tags=[{id=0, name=string}], status=available}, {id=9223372000001103832, category={id=0, name=string}, name=doggie, photoUrls=[string], tags=[{id=0, name=string}], status=available}, {id=9223372000001103833, category={id=0, name=string}, name=doggie, photoUrls=[string], tags=[{id=0, name=string}], status=available}, {id=9223372000001102515, category={id=0, name=string}, name=doggienamechangedtorandomname, photoUrls=[string], tags=[{id=0, name=string}], status=available}, {id=9223372000001103835, category={id=0, name=string}, name=doggie, photoUrls=[string], tags=[{id=0, name=string}], status=available}, {id=9223372000001103836, category={id=0, name=string}, name=fish, photoUrls=[string], tags=[{id=0, name=string}], status=available}, {id=9223372000001103837, category={id=0, name=string}, name=fish, photoUrls=[string], tags=[{id=0, name=string}], status=available}, {id=9223372000001103838, category={id=0, name=string}, name=doggie, photoUrls=[string], tags=[{id=0, name=string}], status=available}, {id=9223372000001103839, category={id=0, name=string}, name=doggie, photoUrls=[string], tags=[{id=0, name=string}], status=available}, {id=9223372000001103840, category={id=0, name=string}, name=doggie, photoUrls=[string], tags=[{id=0, name=string}], status=available}, {id=9223372000001103841, category={id=0, name=string}, name=doggie, photoUrls=[string], tags=[{id=0, name=string}], status=available}, {id=9223372000001103842, category={id=0, name=string}, name=doggie, photoUrls=[string], tags=[{id=0, name=string}], status=available}, {id=9223372000001103843, category={id=0, name=string}, name=doggie, photoUrls=[string], tags=[{id=0, name=string}], status=available}, {id=9223372000001103844, category={id=0, name=string}, name=doggie, photoUrls=[string], tags=[{id=0, name=string}], status=available}, {id=9223372000001103845, category={id=0, name=string}, name=doggie, photoUrls=[string], tags=[{id=0, name=string}], status=available}, {id=9223372000001103846, category={id=0, name=string}, name=doggie, photoUrls=[string], tags=[{id=0, name=string}], status=available}, {id=9223372000001103847, category={id=0, name=string}, name=doggie, photoUrls=[string], tags=[{id=0, name=string}], status=available}, {id=9223372000001103848, category={id=0, name=string}, name=doggie, photoUrls=[string], tags=[{id=0, name=string}], status=available}, {id=9223372000001103849, category={id=0, name=string}, name=doggie, photoUrls=[string], tags=[{id=0, name=string}], status=available}, {id=9223372000001103850, category={id=0, name=string}, name=doggie, photoUrls=[string], tags=[{id=0, name=string}], status=available}, {id=9223372000001103851, category={id=0, name=string}, name=doggie, photoUrls=[string], tags=[{id=0, name=string}], status=available}, {id=9223372000001103852, category={id=0, name=string}, name=doggie, photoUrls=[string], tags=[{id=0, name=string}], status=available}, {id=9223372000001103853, category={id=0, name=string}, name=doggie, photoUrls=[string], tags=[{id=0, name=string}], status=available}, {id=9223372000001103854, category={id=0, name=string}, name=doggie, photoUrls=[string], tags=[{id=0, name=string}], status=available}, {id=9223372000001103855, category={id=0, name=string}, name=doggie, photoUrls=[string], tags=[{id=0, name=string}], status=available}, {id=9223372000001103856, category={id=0, name=string}, name=doggie, photoUrls=[string], tags=[{id=0, name=string}], status=available}, {id=9223372000001103857, category={id=0, name=string}, name=doggie, photoUrls=[string], tags=[{id=0, name=string}], status=available}, {id=9223372000001103858, category={id=0, name=string}, name=doggie, photoUrls=[string], tags=[{id=0, name=string}], status=available}, {id=9223372000001103859, category={id=0, name=string}, name=doggie, photoUrls=[string], tags=[{id=0, name=string}], status=available}, {id=9223372000001103860, category={id=0, name=string}, name=doggie, photoUrls=[string], tags=[{id=0, name=string}], status=available}, {id=9223372000001103861, category={id=0, name=string}, name=doggie, photoUrls=[string], tags=[{id=0, name=string}], status=available}, {id=9223372000001103862, category={id=0, name=string}, name=doggie, photoUrls=[string], tags=[{id=0, name=string}], status=available}, {id=9223372000001103863, category={id=0, name=string}, name=doggie, photoUrls=[string], tags=[{id=0, name=string}], status=available}, {id=9223372000001103864, category={id=0, name=string}, name=doggie, photoUrls=[string], tags=[{id=0, name=string}], status=available}, {id=9223372000001103865, category={id=0, name=string}, name=doggie, photoUrls=[string], tags=[{id=0, name=string}], status=available}, {id=9223372000001103866, category={id=0, name=string}, name=doggie, photoUrls=[string], tags=[{id=0, name=string}], status=available}, {id=9223372000001103867, category={id=0, name=string}, name=doggie, photoUrls=[string], tags=[{id=0, name=string}], status=available}, {id=9223372000001103868, category={id=0, name=string}, name=doggie, photoUrls=[string], tags=[{id=0, name=string}], status=available}, {id=9223372000001103869, category={id=0, name=string}, name=doggie, photoUrls=[string], tags=[{id=0, name=string}], status=available}, {id=9223372000001103870, category={id=0, name=string}, name=doggie, photoUrls=[string], tags=[{id=0, name=string}], status=available}, {id=9223372000001103871, category={id=0, name=string}, name=doggie, photoUrls=[string], tags=[{id=0, name=string}], status=available}, {id=9223372000001103872, category={id=0, name=string}, name=doggie, photoUrls=[string], tags=[{id=0, name=string}], status=available}, {id=9223372000001103873, category={id=0, name=string}, name=doggie, photoUrls=[string], tags=[{id=0, name=string}], status=available}, {id=9223372000001103874, category={id=0, name=string}, name=doggie, photoUrls=[string], tags=[{id=0, name=string}], status=available}, {id=9223372000001103875, category={id=0, name=string}, name=doggie, photoUrls=[string], tags=[{id=0, name=string}], status=available}, {id=9223372000001103876, category={id=0, name=string}, name=doggie, photoUrls=[string], tags=[{id=0, name=string}], status=available}, {id=9223372000001103877, category={id=0, name=string}, name=doggie, photoUrls=[string], tags=[{id=0, name=string}], status=available}, {id=9223372000001103878, category={id=0, name=string}, name=doggie, photoUrls=[string], tags=[{id=0, name=string}], status=available}, {id=9223372000001103879, category={id=0, name=string}, name=doggie, photoUrls=[string], tags=[{id=0, name=string}], status=available}, {id=9223372000001103880, category={id=0, name=string}, name=doggie, photoUrls=[string], tags=[{id=0, name=string}], status=available}, {id=9223372000001103881, category={id=0, name=string}, name=doggie, photoUrls=[string], tags=[{id=0, name=string}], status=available}, {id=9223372000001103882, category={id=0, name=string}, name=doggie, photoUrls=[string], tags=[{id=0, name=string}], status=available}, {id=9223372000001103883, category={id=0, name=string}, name=doggie, photoUrls=[string], tags=[{id=0, name=string}], status=available}, {id=9223372000001103884, category={id=0, name=string}, name=doggie, photoUrls=[string], tags=[{id=0, name=string}], status=available}, {id=9223372000001103885, category={id=0, name=string}, name=doggie, photoUrls=[string], tags=[{id=0, name=string}], status=available}, {id=9223372000001103886, category={id=0, name=string}, name=doggie, photoUrls=[string], tags=[{id=0, name=string}], status=available}, {id=9223372000001103887, category={id=0, name=string}, name=doggie, photoUrls=[string], tags=[{id=0, name=string}], status=available}, {id=9223372000001103888, category={id=0, name=string}, name=doggie, photoUrls=[string], tags=[{id=0, name=string}], status=available}, {id=9223372000001103889, category={id=0, name=string}, name=doggie, photoUrls=[string], tags=[{id=0, name=string}], status=available}, {id=9223372000001103890, category={id=0, name=string}, name=doggie, photoUrls=[string], tags=[{id=0, name=string}], status=available}, {id=9223372000001103891, category={id=0, name=string}, name=doggie, photoUrls=[string], tags=[{id=0, name=string}], status=available}, {id=9223372000001103892, category={id=0, name=string}, name=doggie, photoUrls=[string], tags=[{id=0, name=string}], status=available}, {id=9223372000001103893, category={id=0, name=string}, name=doggie, photoUrls=[string], tags=[{id=0, name=string}], status=available}, {id=9223372000001103894, category={id=0, name=string}, name=doggie, photoUrls=[string], tags=[{id=0, name=string}], status=available}, {id=9223372000001103895, category={id=0, name=string}, name=doggie, photoUrls=[string], tags=[{id=0, name=string}], status=available}, {id=9223372000001103896, category={id=0, name=string}, name=doggie, photoUrls=[string], tags=[{id=0, name=string}], status=available}, {id=9223372000001103897, category={id=0, name=string}, name=doggie, photoUrls=[string], tags=[{id=0, name=string}], status=available}, {id=9223372000001103898, category={id=0, name=string}, name=doggie, photoUrls=[string], tags=[{id=0, name=string}], status=available}, {id=9223372000001103899, category={id=0, name=string}, name=doggie, photoUrls=[string], tags=[{id=0, name=string}], status=available}, {id=9223372000001103900, category={id=0, name=string}, name=doggie, photoUrls=[string], tags=[{id=0, name=string}], status=available}, {id=9223372000001103902, category={id=0, name=string}, name=doggie, photoUrls=[string], tags=[{id=0, name=string}], status=available}, {id=9223372000001103903, category={id=0, name=string}, name=doggie, photoUrls=[string], tags=[{id=0, name=string}], status=available}, {id=9223372000001103904, category={id=0, name=string}, name=doggie, photoUrls=[string], tags=[{id=0, name=string}], status=available}, {id=9223372000001103905, category={id=0, name=string}, name=doggie, photoUrls=[string], tags=[{id=0, name=string}], status=available}, {id=9223372000001103906, category={id=0, name=string}, name=doggie, photoUrls=[string], tags=[{id=0, name=string}], status=available}, {id=9223372000001103907, category={id=0, name=string}, name=doggie, photoUrls=[string], tags=[{id=0, name=string}], status=available}, {id=9223372000001103908, category={id=0, name=string}, name=doggie, photoUrls=[string], tags=[{id=0, name=string}], status=available}, {id=200, category={id=200, name=swagger20}, name=swagger20, photoUrls=[string], tags=[{id=200, name=swagger20}], status=available}, {id=9223372000001103909, category={id=0, name=string}, name=doggie, photoUrls=[string], tags=[{id=0, name=string}], status=available}, {id=9223372000001103910, category={id=0, name=string}, name=doggie, photoUrls=[string], tags=[{id=0, name=string}], status=available}, {id=9223372000001103911, category={id=0, name=string}, name=doggie, photoUrls=[string], tags=[{id=0, name=string}], status=available}, {id=9223372000001103912, category={id=0, name=string}, name=doggie, photoUrls=[string], tags=[{id=0, name=string}], status=available}, {id=9223372000001103913, category={id=0, name=string}, name=doggie, photoUrls=[string], tags=[{id=0, name=string}], status=available}, {id=9223372000001103914, category={id=0, name=string}, name=doggie, photoUrls=[string], tags=[{id=0, name=string}], status=available}, {id=9223372000001103916, category={id=0, name=string}, name=doggie, photoUrls=[string], tags=[{id=0, name=string}], status=available}, {id=9223372000001103920, category={id=0, name=string}, name=doggie, photoUrls=[string], tags=[{id=0, name=string}], status=available}, {id=9223372000001103922, category={id=0, name=string}, name=doggie, photoUrls=[string], tags=[{id=0, name=string}], status=available}, {id=9223372000001103923, category={id=0, name=string}, name=doggie, photoUrls=[string], tags=[{id=0, name=string}], status=available}, {id=9223372000001103924, category={id=0, name=string}, name=doggie, photoUrls=[string], tags=[{id=0, name=string}], status=available}, {id=9223372000001103925, category={id=0, name=string}, name=doggie, photoUrls=[string], tags=[{id=0, name=string}], status=available}, {id=9223372000001103926, category={id=0, name=string}, name=doggie, photoUrls=[string], tags=[{id=0, name=string}], status=available}, {id=9223372000001103927, category={id=0, name=string}, name=doggie, photoUrls=[string], tags=[{id=0, name=string}], status=available}, {id=9223372000001103928, category={id=0, name=string}, name=doggie, photoUrls=[string], tags=[{id=0, name=string}], status=available}, {id=9223372000001103929, category={id=0, name=string}, name=doggie, photoUrls=[string], tags=[{id=0, name=string}], status=available}, {id=9223372000001103930, category={id=0, name=string}, name=doggie, photoUrls=[string], tags=[{id=0, name=string}], status=available}, {id=9223372000001103932, category={id=0, name=string}, name=doggie, photoUrls=[string], tags=[{id=0, name=string}], status=available}, {id=9223372000001103933, category={id=0, name=string}, name=doggie, photoUrls=[string], tags=[{id=0, name=string}], status=available}, {id=9223372000001103934, category={id=0, name=string}, name=doggie, photoUrls=[string], tags=[{id=0, name=string}], status=available}, {id=9223372000001103935, category={id=0, name=string}, name=doggie, photoUrls=[string], tags=[{id=0, name=string}], status=available}, {id=9223372000001103937, category={id=0, name=string}, name=doggie, photoUrls=[string], tags=[{id=0, name=string}], status=available}, {id=9223372000001103938, category={id=0, name=string}, name=doggie, photoUrls=[string], tags=[{id=0, name=string}], status=available}, {id=9223372000001103939, category={id=0, name=string}, name=doggie, photoUrls=[string], tags=[{id=0, name=string}], status=available}, {id=9223372000001103940, category={id=0, name=string}, name=doggie, photoUrls=[string], tags=[{id=0, name=string}], status=available}, {id=9223372000001103941, category={id=0, name=string}, name=doggie, photoUrls=[string], tags=[{id=0, name=string}], status=available}, {id=9223372000001103942, category={id=0, name=string}, name=doggie, photoUrls=[string], tags=[{id=0, name=string}], status=available}, {id=9223372000001103943, category={id=0, name=string}, name=doggie, photoUrls=[string], tags=[{id=0, name=string}], status=available}, {id=9223372000001103944, category={id=0, name=string}, name=doggie, photoUrls=[string], tags=[{id=0, name=string}], status=available}, {id=9223372000001103945, category={id=0, name=string}, name=doggie, photoUrls=[string], tags=[{id=0, name=string}], status=available}, {id=9223372000001103946, category={id=0, name=string}, name=doggie, photoUrls=[string], tags=[{id=0, name=string}], status=available}, {id=9223372000001103947, category={id=0, name=string}, name=doggie, photoUrls=[string], tags=[{id=0, name=string}], status=available}, {id=9223372000001103948, category={id=0, name=string}, name=doggie, photoUrls=[string], tags=[{id=0, name=string}], status=available}, {id=9223372000001103949, category={id=0, name=string}, name=doggie, photoUrls=[string], tags=[{id=0, name=string}], status=available}, {id=9223372000001103950, category={id=0, name=string}, name=doggie, photoUrls=[string], tags=[{id=0, name=string}], status=available}, {id=9223372000001103951, category={id=0, name=string}, name=doggie, photoUrls=[string], tags=[{id=0, name=string}], status=available}, {id=9223372000001103952, category={id=0, name=string}, name=doggie, photoUrls=[string], tags=[{id=0, name=string}], status=available}, {id=9223372000001103953, category={id=0, name=string}, name=doggie, photoUrls=[string], tags=[{id=0, name=string}], status=available}, {id=9223372000001103955, category={id=0, name=string}, name=doggie, photoUrls=[string], tags=[{id=0, name=string}], status=available}, {id=9223372000001103956, category={id=0, name=string}, name=doggie, photoUrls=[string], tags=[{id=0, name=string}], status=available}, {id=9223372000001103957, category={id=0, name=string}, name=doggie, photoUrls=[string], tags=[{id=0, name=string}], status=available}, {id=9223372000001103958, category={id=0, name=string}, name=, photoUrls=[string], tags=[{id=0, name=string}], status=available}, {id=508481679550914284, category={id=0, name=string}, name=New Test Pet, photoUrls=[string], tags=[{id=0, name=string}], status=available}, {id=22222, category={id=1, name=teste}, name=, photoUrls=[], tags=[], status=available}, {id=9223372000001103963, category={id=0, name=string}, name=doggie, photoUrls=[string], tags=[{id=0, name=string}], status=available}, {id=9223372000001103964, category={id=0, name=string}, name=doggie, photoUrls=[string], tags=[{id=0, name=string}], status=available}, {id=9223372000001103965, category={id=0, name=string}, name=doggie, photoUrls=[string], tags=[{id=0, name=string}], status=available}, {id=9223372000001103966, category={id=0, name=string}, name=doggie, photoUrls=[string], tags=[{id=0, name=string}], status=available}, {id=9223372000001103967, category={id=0, name=string}, name=doggie, photoUrls=[string], tags=[{id=0, name=string}], status=available}, {id=9223372000001103968, category={id=0, name=string}, name=doggie, photoUrls=[string], tags=[{id=0, name=string}], status=available}, {id=9223372000001103969, category={id=0, name=string}, name=doggie, photoUrls=[string], tags=[{id=0, name=string}], status=available}, {id=9223372000001103970, category={id=0, name=string}, name=fish, photoUrls=[string], tags=[{id=0, name=string}], status=available}, {id=9223372000001103971, category={id=0, name=string}, name=doggie, photoUrls=[string], tags=[{id=0, name=string}], status=available}, {id=9223372000001103972, category={id=0, name=string}, name=doggie, photoUrls=[string], tags=[{id=0, name=string}], status=available}, {id=9223372000001103973, category={id=0, name=string}, name=doggie, photoUrls=[string], tags=[{id=0, name=string}], status=available}, {id=9223372000001103974, category={id=0, name=string}, name=doggie, photoUrls=[string], tags=[{id=0, name=string}], status=available}, {id=400, category={id=0, name=string}, name=adam, photoUrls=[string], tags=[{id=0, name=string}], status=available}, {id=9223372000001103977, name=siyaan, photoUrls=[], tags=[], status=available}, {id=213208949906015939, category={id=0, name=string}, name=New Test Pet, photoUrls=[string], tags=[{id=0, name=string}], status=available}, {id=9223372000001103979, category={id=0, name=string}, name=doggie, photoUrls=[string], tags=[{id=0, name=string}], status=available}, {id=9999, category={id=0, name=suslik}, name=uksus, photoUrls=[string], tags=[{id=0, name=string}], status=available}, {id=9223372000001103980, category={id=0, name=Jerry}, name=Mouse, photoUrls=[string], tags=[{id=0, name=Mouse}], status=available}, {id=1324, category={id=101, name=testcategory}, name=testpet, photoUrls=[photo1.png, photo2.png], tags=[{id=102, name=testtag1}, {id=103, name=testtag2}], status=available}, {id=9223372000001103987, category={id=0, name=string}, name=doggie, photoUrls=[string], tags=[{id=0, name=string}], status=available}, {id=9223372000001103988, category={id=0, name=string}, name=doggie, photoUrls=[string], tags=[{id=0, name=string}], status=available}, {id=9223372000001103989, category={id=0, name=string}, name=doggie, photoUrls=[string], tags=[{id=0, name=string}], status=available}, {id=9223372000001103990, category={id=0, name=string}, name=doggie, photoUrls=[string], tags=[{id=0, name=string}], status=available}, {id=9223372000001103991, category={id=0, name=string}, name=doggie, photoUrls=[string], tags=[{id=0, name=string}], status=available}, {id=9223372000001103992, category={id=0, name=string}, name=doggie, photoUrls=[string], tags=[{id=0, name=string}], status=available}, {id=9223372000001103993, category={id=0, name=string}, name=fish, photoUrls=[string], tags=[{id=0, name=string}], status=available}, {id=9223372000001103994, category={id=0, name=string}, name=doggie, photoUrls=[string], tags=[{id=0, name=string}], status=available}, {id=9223372000001103995, category={id=0, name=string}, name=doggie, photoUrls=[string], tags=[{id=0, name=string}], status=available}, {id=9223372000001103996, category={id=0, name=string}, name=doggie, photoUrls=[string], tags=[{id=0, name=string}], status=available}, {id=9223372000001103997, category={id=0, name=string}, name=doggie, photoUrls=[string], tags=[{id=0, name=string}], status=available}, {id=9223372000001103998, category={id=0, name=string}, name=doggie, photoUrls=[string], tags=[{id=0, name=string}], status=available}, {id=9223372000001103999, category={id=0, name=string}, name=fish, photoUrls=[string], tags=[{id=0, name=string}], status=available}, {id=9223372000001104000, category={id=0, name=string}, name=doggie, photoUrls=[string], tags=[{id=0, name=string}], status=available}, {id=1890, category={id=101, name=testcategory}, name=getcatinput, photoUrls=[c.png, d.png], tags=[{id=102, name=testtag1}, {id=103, name=testtag2}], status=available}, {id=9223372000001104007, category={id=0, name=string}, name=test, photoUrls=[string], tags=[{id=0, name=string}], status=available}, {id=9223372000001104008, category={id=0, name=string}, name=test, photoUrls=[string], tags=[{id=0, name=string}], status=available}, {id=9223372000001104009, category={id=0, name=string}, name=test, photoUrls=[string], tags=[{id=0, name=string}], status=available}, {id=9223372000001104010, category={id=0, name=string}, name=fish, photoUrls=[string], tags=[{id=0, name=string}], status=available}, {id=9223372000001104011, category={id=0, name=string}, name=doggie, photoUrls=[string], tags=[{id=0, name=string}], status=available}, {id=8877878, category={id=0, name=string}, name=doggie, photoUrls=[string], tags=[{id=0, name=string}], status=available}, {id=9223372000001104012, category={id=0, name=string}, name=doggie, photoUrls=[string], tags=[{id=0, name=string}], status=available}, {id=9223372000001104013, category={id=0, name=string}, name=doggie, photoUrls=[string], tags=[{id=0, name=string}], status=available}, {id=9223372000001104014, category={id=0, name=string}, name=doggie, photoUrls=[string], tags=[{id=0, name=string}], status=available}, {id=9223372000001104015, category={id=0, name=string}, name=doggie, photoUrls=[string], tags=[{id=0, name=string}], status=available}, {id=9223372000001104016, category={id=0, name=string}, name=doggie, photoUrls=[string], tags=[{id=0, name=string}], status=available}, {id=9223372000001104017, category={id=0, name=string}, name=doggie, photoUrls=[string], tags=[{id=0, name=string}], status=available}, {id=9223372000001104018, category={id=0, name=string}, name=doggie, photoUrls=[string], tags=[{id=0, name=string}], status=available}, {id=9223372000001104019, category={id=0, name=string}, name=doggie, photoUrls=[string], tags=[{id=0, name=string}], status=available}, {id=9223372000001104020, category={id=0, name=string}, name=doggie, photoUrls=[string], tags=[{id=0, name=string}], status=available}, {id=9223372000001104021, category={id=0, name=string}, name=doggie, photoUrls=[string], tags=[{id=0, name=string}], status=available}, {id=9223372000001104022, category={id=0, name=string}, name=fish, photoUrls=[string], tags=[{id=0, name=string}], status=available}, {id=1618, category={id=101, name=testcategory}, name=testpet, photoUrls=[photo1.png, photo2.png], tags=[{id=102, name=testtag1}, {id=103, name=testtag2}], status=available}, {id=102, name=PetName102, photoUrls=[], tags=[], status=available}, {id=101099, category={id=0, name=string}, name=Павлин Олегович, photoUrls=[string], tags=[{id=0, name=string}], status=available}, {id=9223372000001104034, category={id=0, name=string}, name=fish, photoUrls=[string], tags=[{id=0, name=string}], status=available}, {id=9223372000001104035, category={id=0, name=string}, name=doggie, photoUrls=[string], tags=[{id=0, name=string}], status=available}, {id=9223372000001104036, category={id=0, name=string}, name=doggie, photoUrls=[string], tags=[{id=0, name=string}], status=available}, {id=9223372000001104037, category={id=0, name=string}, name=doggie, photoUrls=[string], tags=[{id=0, name=string}], status=available}, {id=9223372000001104038, category={id=0, name=string}, name=doggie, photoUrls=[string], tags=[{id=0, name=string}], status=available}, {id=9223372000001104039, category={id=0, name=string}, name=doggie, photoUrls=[string], tags=[{id=0, name=string}], status=available}, {id=9223372000001104040, category={id=0, name=string}, name=doggie, photoUrls=[string], tags=[{id=0, name=string}], status=available}, {id=9223372000001104041, category={id=0, name=string}, name=doggie, photoUrls=[string], tags=[{id=0, name=string}], status=available}, {id=9223372000001104042, category={id=0, name=string}, name=doggie, photoUrls=[string], tags=[{id=0, name=string}], status=available}, {id=9223372000001104043, category={id=0, name=string}, name=doggie, photoUrls=[string], tags=[{id=0, name=string}], status=available}, {id=9223372000001104044, category={id=0, name=string}, name=doggie, photoUrls=[string], tags=[{id=0, name=string}], status=available}, {id=9223372000001104052, category={id=0, name=string}, name=fish, photoUrls=[string], tags=[{id=0, name=string}], status=available}, {id=9223372000001104054, category={id=0, name=string}, name=fish, photoUrls=[string], tags=[{id=0, name=string}], status=available}, {id=9223372000001104055, category={id=0, name=string}, name=doggie, photoUrls=[string], tags=[{id=0, name=string}], status=available}, {id=9223372000001104058, category={id=0, name=string}, name=doggie, photoUrls=[string], tags=[{id=0, name=string}], status=available}, {id=9223372000001104063, category={id=0, name=string}, name=doggie, photoUrls=[string], tags=[{id=0, name=string}], status=available}, {id=9223372000001104064, category={id=0, name=string}, name=doggie, photoUrls=[string], tags=[{id=0, name=string}], status=available}, {id=9223372000001104066, category={id=0, name=string}, name=doggie, photoUrls=[string], tags=[{id=0, name=string}], status=available}, {id=9223372000001104067, category={id=0, name=string}, name=fish, photoUrls=[string], tags=[{id=0, name=string}], status=available}, {id=9223372000001104068, category={id=0, name=string}, name=doggie, photoUrls=[string], tags=[{id=0, name=string}], status=available}, {id=9223372000001104069, category={id=0, name=string}, name=doggie, photoUrls=[string], tags=[{id=0, name=string}], status=available}, {id=9223372000001104070, category={id=0, name=string}, name=doggie, photoUrls=[string], tags=[{id=0, name=string}], status=available}, {id=9223372000001104071, category={id=0, name=string}, name=doggie, photoUrls=[string], tags=[{id=0, name=string}], status=available}, {id=9223372000001104072, category={id=0, name=string}, name=doggie, photoUrls=[string], tags=[{id=0, name=string}], status=available}, {id=9223372000001104073, category={id=0, name=string}, name=kekerino, photoUrls=[string], tags=[{id=0, name=string}], status=available}, {id=9223372000001104074, category={id=0, name=string}, name=fish, photoUrls=[string], tags=[{id=0, name=string}], status=available}, {id=225925937448258271, category={id=0, name=string}, name=New Test Pet, photoUrls=[string], tags=[{id=0, name=string}], status=available}, {id=9223372000001104083, category={id=0, name=string}, name=doggie, photoUrls=[string], tags=[{id=0, name=string}], status=available}, {id=9223372000001104085, category={id=0, name=string}, name=fish, photoUrls=[string], tags=[{id=0, name=string}], status=available}, {id=9223372000001104086, category={id=0, name=string}, name=fish, photoUrls=[string], tags=[{id=0, name=string}], status=available}, {id=9223372000001104089, category={id=0, name=string}, name=doggie, photoUrls=[string], tags=[{id=0, name=string}], status=available}, {id=9223372000001104090, category={id=0, name=string}, name=doggie, photoUrls=[string], tags=[{id=0, name=string}], status=available}, {id=9223372000001104091, category={id=0, name=string}, name=doggie, photoUrls=[string], tags=[{id=0, name=string}], status=available}, {id=9223372000001104092, category={id=0, name=string}, name=doggie, photoUrls=[string], tags=[{id=0, name=string}], status=available}, {id=9223372000001104093, category={id=0, name=string}, name=doggie, photoUrls=[string], tags=[{id=0, name=string}], status=available}, {id=9223372000001104094, category={id=0, name=string}, name=doggie, photoUrls=[string], tags=[{id=0, name=string}], status=available}, {id=9223372000001104095, category={id=0, name=string}, name=fish, photoUrls=[string], tags=[{id=0, name=string}], status=available}, {id=9223372000001104096, category={id=0, name=string}, name=doggie, photoUrls=[string], tags=[{id=0, name=string}], status=available}, {id=9223372000001104097, category={id=0, name=string}, name=doggie, photoUrls=[string], tags=[{id=0, name=string}], status=available}, {id=9223372000001104098, category={id=0, name=string}, name=doggie, photoUrls=[string], tags=[{id=0, name=string}], status=available}, {id=9223372000001104099, category={id=0, name=string}, name=doggie, photoUrls=[string], tags=[{id=0, name=string}], status=available}, {id=9223372000001104100, category={id=0, name=string}, name=doggie, photoUrls=[string], tags=[{id=0, name=string}], status=available}, {id=9223372000001104102, category={id=0, name=string}, name=doggie, photoUrls=[string], tags=[{id=0, name=string}], status=available}, {id=9223372000001104103, category={id=0, name=string}, name=fish, photoUrls=[string], tags=[{id=0, name=string}], status=available}, {id=9223372000001104104, category={id=0, name=string}, name=doggie, photoUrls=[string], tags=[{id=0, name=string}], status=available}, {id=9223372000001104108, category={id=0, name=string}, name=doggie, photoUrls=[string], tags=[{id=0, name=string}], status=available}, {id=80890, category={id=80890, name=Didi Reelydoit}, name=Didi Reelydoit, photoUrls=[https://www.vets4pets.com/pet-health-advice/cat-advice/neutering-your-cat/], tags=[{id=80890, name=Didi Reelydoit}], status=available}, {id=9223372000001104110, category={id=0, name=Theresa Green}, name=Theresa Green, photoUrls=[], tags=[{id=0, name=Theresa Green}], status=available}, {id=606, category={id=0, name=my_pets}, name=gin, photoUrls=[string], tags=[{id=0, name=string}], status=available}, {id=9223372000001104112, category={id=0, name=string}, name=fish, photoUrls=[string], tags=[{id=0, name=string}], status=available}, {id=9223372000001104113, category={id=0, name=string}, name=doggie, photoUrls=[string], tags=[{id=0, name=string}], status=available}, {id=9223372000001104114, category={id=0, name=string}, name=fish, photoUrls=[string], tags=[{id=0, name=string}], status=available}, {id=9223372000001104118, category={id=0, name=string}, name=doggie, photoUrls=[string], tags=[{id=0, name=string}], status=available}, {id=9223372000001104119, category={id=0, name=string}, name=doggie, photoUrls=[string], tags=[{id=0, name=string}], status=available}, {id=9223372000001104120, category={id=0, name=string}, name=doggie, photoUrls=[string], tags=[{id=0, name=string}], status=available}, {id=9223372000001104121, category={id=0, name=string}, name=doggie, photoUrls=[string], tags=[{id=0, name=string}], status=available}, {id=9223372000001104122, category={id=0, name=string}, name=doggie, photoUrls=[string], tags=[{id=0, name=string}], status=available}, {id=9223372000001104123, category={id=0, name=string}, name=doggie, photoUrls=[string], tags=[{id=0, name=string}], status=available}, {id=9223372000001104124, category={id=0, name=string}, name=doggie, photoUrls=[string], tags=[{id=0, name=string}], status=available}, {id=9223372000001104125, category={id=0, name=string}, name=doggie, photoUrls=[string], tags=[{id=0, name=string}], status=available}, {id=9223372000001104126, category={id=0, name=string}, name=doggie, photoUrls=[string], tags=[{id=0, name=string}], status=available}, {id=9223372000001104127, category={id=0, name=string}, name=fish, photoUrls=[string], tags=[{id=0, name=string}], status=available}, {id=9223372000001104128, category={id=0, name=string}, name=doggie, photoUrls=[string], tags=[{id=0, name=string}], status=available}, {id=28081995, category={id=0, name=human}, name=Oleksandra, photoUrls=[string], tags=[{id=28081992, name=mom}], status=available}, {id=9223372000001104129, name=doggie, photoUrls=[string], tags=[{id=0, name=string}], status=available}, {id=9223372000001104130, name=doggie, photoUrls=[], tags=[], status=available}, {id=9223372000001104136, name=doggie, photoUrls=[], tags=[], status=available}, {id=9223372000001104137, category={id=0, name=string}, name=fish, photoUrls=[string], tags=[{id=0, name=string}], status=available}, {id=9223372000001104138, category={id=0, name=string}, name=fish, photoUrls=[string], tags=[{id=0, name=string}], status=available}, {id=9223372000001104140, category={id=0, name=string}, name=, photoUrls=[string], tags=[{id=0, name=string}], status=available}, {id=9223372000001104141, category={id=0, name=string}, name=doggie, photoUrls=[string], tags=[{id=0, name=string}], status=available}, {id=9223372000001104142, category={id=0, name=string}, name=doggie, photoUrls=[string], tags=[{id=0, name=string}], status=available}, {id=227864568073124591, category={id=0, name=string}, name=Updated Pet Name, photoUrls=[string], tags=[{id=0, name=string}], status=available}, {id=9223372000001104143, category={id=0, name=string}, name=doggie, photoUrls=[string], tags=[{id=0, name=string}], status=available}, {id=9223372000001104144, category={id=0, name=string}, name=doggie, photoUrls=[string], tags=[{id=0, name=string}], status=available}, {id=9223372000001104145, category={id=0, name=string}, name=doggie, photoUrls=[string], tags=[{id=0, name=string}], status=available}, {id=9223372000001104146, category={id=0, name=string}, name=fish, photoUrls=[string], tags=[{id=0, name=string}], status=available}, {id=9223372000001104147, category={id=0, name=string}, name=doggie, photoUrls=[string], tags=[{id=0, name=string}], status=available}, {id=9223372000001104148, category={id=0, name=string}, name=doggie, photoUrls=[string], tags=[{id=0, name=string}], status=available}, {id=9223372000001104149, category={id=0, name=string}, name=doggie, photoUrls=[string], tags=[{id=0, name=string}], status=available}, {id=9223372000001104150, category={id=0, name=string}, name=doggie, photoUrls=[string], tags=[{id=0, name=string}], status=available}, {id=9223372000001104151, category={id=0, name=string}, name=doggie, photoUrls=[string], tags=[{id=0, name=string}], status=available}, {id=9223372000001104152, category={id=0, name=string}, name=doggie, photoUrls=[string], tags=[{id=0, name=string}], status=available}, {id=9223372000001104153, category={id=0, name=string}, name=doggie, photoUrls=[string], tags=[{id=0, name=string}], status=available}, {id=9223372000001104154, category={id=0, name=string}, name=doggie, photoUrls=[string], tags=[{id=0, name=string}], status=available}, {id=9223372000001104155, category={id=0, name=string}, name=fish, photoUrls=[string], tags=[{id=0, name=string}], status=available}, {id=612442119610604860, category={id=0, name=string}, name=Updated Pet Name, photoUrls=[string], tags=[{id=0, name=string}], status=available}, {id=275565118198381055, category={id=0, name=string}, name=Updated Pet Name, photoUrls=[string], tags=[{id=0, name=string}], status=available}, {id=609553984096493552, category={id=0, name=string}, name=New Test Pet, photoUrls=[string], tags=[{id=0, name=string}], status=available}, {id=9223372000001104163, name=doggie, photoUrls=[], tags=[], status=available}, {id=9223372000001104164, category={id=0, name=string}, name=fish, photoUrls=[string], tags=[{id=0, name=string}], status=available}, {id=9223372000001104166, category={id=0, name=string}, name=fish, photoUrls=[string], tags=[{id=0, name=string}], status=available}, {id=9223372000001104168, name=doggie, photoUrls=[], tags=[], status=available}, {id=9223372000001104169, category={id=0, name=string}, name=doggie, photoUrls=[string], tags=[{id=0, name=string}], status=available}, {id=9223372000001104170, name=doggie, photoUrls=[], tags=[], status=available}, {id=9223372000001104171, category={id=0, name=string}, name=doggie, photoUrls=[string], tags=[{id=0, name=string}], status=available}, {id=9223372000001104172, category={id=0, name=string}, name=doggie, photoUrls=[string], tags=[{id=0, name=string}], status=available}, {id=9223372000001104173, category={id=0, name=string}, name=doggie, photoUrls=[string], tags=[{id=0, name=string}], status=available}, {id=9223372000001104174, category={id=0, name=string}, name=doggie, photoUrls=[string], tags=[{id=0, name=string}], status=available}, {id=9223372000001104175, category={id=0, name=string}, name=doggie, photoUrls=[string], tags=[{id=0, name=string}], status=available}, {id=9223372000001104176, category={id=0, name=string}, name=doggie, photoUrls=[string], tags=[{id=0, name=string}], status=available}, {id=9223372000001104177, category={id=0, name=string}, name=doggie, photoUrls=[string], tags=[{id=0, name=string}], status=available}, {id=9223372000001104178, category={id=0, name=string}, name=doggie, photoUrls=[string], tags=[{id=0, name=string}], status=available}, {id=9223372000001104179, category={id=0, name=string}, name=doggie, photoUrls=[string], tags=[{id=0, name=string}], status=available}, {id=9223372000001104180, category={id=0, name=string}, name=doggie, photoUrls=[string], tags=[{id=0, name=string}], status=available}, {id=5545444, category={id=5545444, name=Bruno Newton}, name=doggie, photoUrls=[pets.jpg], tags=[{id=5545444, name=Bruno Newton}], status=available}, {id=9223372000001104182, category={id=0, name=string}, name=doggie, photoUrls=[string], tags=[{id=0, name=string}], status=available}, {id=9223372000001104189, category={id=0, name=string}, name=fish, photoUrls=[string], tags=[{id=0, name=string}], status=available}, {id=9223372000001104190, category={id=0, name=string}, name=fish, photoUrls=[string], tags=[{id=0, name=string}], status=available}, {id=12121, category={id=0, name=string}, name=TestPetName, photoUrls=[string], tags=[{id=0, name=string}], status=available}, {id=9223372000001104191, category={id=0, name=string}, name=doggie, photoUrls=[string], tags=[{id=0, name=string}], status=available}, {id=9223372000001104192, category={id=0, name=string}, name=doggie, photoUrls=[string], tags=[{id=0, name=string}], status=available}, {id=9223372000001104193, category={id=0, name=string}, name=doggie, photoUrls=[string], tags=[{id=0, name=string}], status=available}, {id=9223372000001104194, category={id=0, name=string}, name=doggie, photoUrls=[string], tags=[{id=0, name=string}], status=available}, {id=9223372000001104195, category={id=0, name=string}, name=fish, photoUrls=[string], tags=[{id=0, name=string}], status=available}, {id=9223372000001104196, category={id=0, name=string}, name=doggie, photoUrls=[string], tags=[{id=0, name=string}], status=available}, {id=9223372000001104197, category={id=0, name=string}, name=doggie, photoUrls=[string], tags=[{id=0, name=string}], status=available}, {id=9223372000001104198, category={id=0, name=string}, name=doggie, photoUrls=[string], tags=[{id=0, name=string}], status=available}, {id=9223372000001104199, category={id=0, name=string}, name=doggie, photoUrls=[string], tags=[{id=0, name=string}], status=available}, {id=9223372000001104200, category={id=0, name=string}, name=doggie, photoUrls=[string], tags=[{id=0, name=string}], status=available}, {id=9223372000001104201, category={id=0, name=string}, name=doggie, photoUrls=[string], tags=[{id=0, name=string}], status=available}, {id=9223372000001104202, category={id=0, name=string}, name=fish, photoUrls=[string], tags=[{id=0, name=string}], status=available}, {id=9223372000001104209, category={id=0, name=string}, name=fish, photoUrls=[string], tags=[{id=0, name=string}], status=available}, {id=9223372000001104210, category={id=0, name=string}, name=doggie, photoUrls=[string], tags=[{id=0, name=string}], status=available}, {id=9223372000001104211, category={id=0, name=string}, name=doggie, photoUrls=[string], tags=[{id=0, name=string}], status=available}, {id=9223372000001104212, category={id=0, name=string}, name=doggie, photoUrls=[string], tags=[{id=0, name=string}], status=available}, {id=9223372000001104213, category={id=0, name=string}, name=doggie, photoUrls=[string], tags=[{id=0, name=string}], status=available}, {id=9223372000001104214, category={id=0, name=string}, name=doggie, photoUrls=[string], tags=[{id=0, name=string}], status=available}, {id=9223372000001104215, category={id=0, name=string}, name=fish, photoUrls=[string], tags=[{id=0, name=string}], status=available}, {id=9223372000001104216, category={id=0, name=string}, name=doggie, photoUrls=[string], tags=[{id=0, name=string}], status=available}, {id=9223372000001104217, category={id=0, name=string}, name=doggie, photoUrls=[string], tags=[{id=0, name=string}], status=available}, {id=9223372000001104218, category={id=0, name=string}, name=doggie, photoUrls=[string], tags=[{id=0, name=string}], status=available}, {id=9223372000001104219, category={id=0, name=string}, name=doggie, photoUrls=[string], tags=[{id=0, name=string}], status=available}, {id=9223372000001104220, category={id=0, name=string}, name=fish, photoUrls=[string], tags=[{id=0, name=string}], status=available}, {id=9223372000001104227, category={id=0, name=string}, name=doggie, photoUrls=[string], tags=[{id=0, name=string}], status=available}, {id=9223372000001104230, category={id=0, name=string}, name=doggie, photoUrls=[string], tags=[{id=0, name=string}], status=available}, {id=9223372000001104231, category={id=0, name=string}, name=doggie, photoUrls=[string], tags=[{id=0, name=string}], status=available}, {id=9223372000001104232, category={id=0, name=string}, name=doggie, photoUrls=[string], tags=[{id=0, name=string}], status=available}, {id=9223372000001104233, category={id=0, name=string}, name=doggie, photoUrls=[string], tags=[{id=0, name=string}], status=available}, {id=9223372000001104234, category={id=0, name=string}, name=doggie, photoUrls=[string], tags=[{id=0, name=string}], status=available}, {id=9223372000001104235, category={id=0, name=string}, name=doggie, photoUrls=[string], tags=[{id=0, name=string}], status=available}, {id=9223372000001104236, category={id=0, name=string}, name=fish, photoUrls=[string], tags=[{id=0, name=string}], status=available}, {id=9223372000001104237, category={id=0, name=string}, name=doggie, photoUrls=[string], tags=[{id=0, name=string}], status=available}, {id=9223372000001104243, category={id=0, name=puppy}, name=doggie, photoUrls=[string], tags=[{id=0, name=Charlie}], status=available}, {id=9223372000001104244, name=doggie, photoUrls=[], tags=[], status=available}, {id=14122, category={id=0, name=string}, name=patałach, photoUrls=[string], tags=[{id=0, name=string}], status=available}, {id=2888888888888, category={id=1, name=Cat}, name=bonifaces, photoUrls=[photo_url], tags=[{id=1, name=cat}], status=available}, {id=9223372000001104245, category={id=0, name=string}, name=doggie, photoUrls=[string], tags=[{id=0, name=string}], status=available}, {id=9223372000001104246, category={id=0, name=str
[...]
0001104301, category={id=0, name=string}, name=fish, photoUrls=[string], tags=[{id=0, name=string}], status=available}, {id=1245, category={id=1245, name=xyz}, name=xyz, photoUrls=[test], tags=[], status=available}, {id=9223372000001104308, category={id=0, name=string}, name=fish, photoUrls=[string], tags=[{id=0, name=string}], status=available}, {id=9223372000001104309, category={id=0, name=string}, name=doggie, photoUrls=[string], tags=[{id=0, name=string}], status=available}, {id=9223372000001104310, category={id=0, name=string}, name=doggie, photoUrls=[string], tags=[{id=0, name=string}], status=available}, {id=9223372000001104311, category={id=0, name=string}, name=doggie, photoUrls=[string], tags=[{id=0, name=string}], status=available}, {id=9223372000001104312, category={id=0, name=string}, name=doggie, photoUrls=[string], tags=[{id=0, name=string}], status=available}, {id=9223372000001104313, category={id=0, name=string}, name=doggie, photoUrls=[string], tags=[{id=0, name=string}], status=available}, {id=9223372000001104314, category={id=0, name=string}, name=fish, photoUrls=[string], tags=[{id=0, name=string}], status=available}, {id=9223372000001104315, category={id=0, name=string}, name=doggie, photoUrls=[string], tags=[{id=0, name=string}], status=available}, {id=9223372000001104316, category={id=0, name=string}, name=doggie, photoUrls=[string], tags=[{id=0, name=string}], status=available}, {id=9223372000001104317, category={id=0, name=string}, name=doggie, photoUrls=[string], tags=[{id=0, name=string}], status=available}, {id=9223372000001104318, category={id=0, name=string}, name=doggie, photoUrls=[string], tags=[{id=0, name=string}], status=available}, {id=14123, category={id=0, name=string}, name=Simba, photoUrls=[string], tags=[{id=0, name=string}], status=available}, {id=9223372000001104323, category={id=0, name=string}, name=doggie, photoUrls=[string], tags=[{id=0, name=string}], status=available}, {id=9223372000001104324, category={id=0, name=string}, name=fish, photoUrls=[string], tags=[{id=0, name=string}], status=available}, {id=9223372000001104327, category={id=0, name=string}, name=doggie, photoUrls=[string], tags=[{id=0, name=string}], status=available}, {id=9223372000001104328, category={id=0, name=string}, name=doggie, photoUrls=[string], tags=[{id=0, name=string}], status=available}, {id=9223372000001104329, category={id=0, name=string}, name=doggie, photoUrls=[string], tags=[{id=0, name=string}], status=available}, {id=9223372000001104330, category={id=0, name=string}, name=doggie, photoUrls=[string], tags=[{id=0, name=string}], status=available}, {id=9223372000001104331, category={id=0, name=string}, name=doggie, photoUrls=[string], tags=[{id=0, name=string}], status=available}, {id=9223372000001104332, category={id=0, name=string}, name=doggie, photoUrls=[string], tags=[{id=0, name=string}], status=available}, {id=9223372000001104333, category={id=0, name=string}, name=doggie, photoUrls=[string], tags=[{id=0, name=string}], status=available}, {id=9223372000001104334, category={id=0, name=string}, name=doggie, photoUrls=[string], tags=[{id=0, name=string}], status=available}, {id=9223372000001104335, category={id=0, name=string}, name=doggie, photoUrls=[string], tags=[{id=0, name=string}], status=available}, {id=9223372000001104336, category={id=0, name=string}, name=fish, photoUrls=[string], tags=[{id=0, name=string}], status=available}, {id=112233, category={id=30, name=Eq-dog}, name=Postman, photoUrls=[URLLink], tags=[{id=10, name=Doberman}], status=available}, {id=9222968140497180179, category={id=0, name=string}, name=test, photoUrls=[string], tags=[{id=0, name=string}], status=available}, {id=48753, category={id=0, name=string}, name=Simba, photoUrls=[string], tags=[{id=0, name=string}], status=available}, {id=9223372000001104339, name=chappy, photoUrls=[], tags=[], status=available}, {id=10619, category={id=0, name=string}, name=Simba, photoUrls=[string], tags=[{id=0, name=string}], status=available}, {id=9223372000001104343, category={id=0, name=string}, name=fish, photoUrls=[string], tags=[{id=0, name=string}], status=available}, {id=9223372000001104344, category={id=0, name=string}, name=doggie, photoUrls=[string], tags=[{id=0, name=string}], status=available}, {id=49427, category={id=0, name=string}, name=Simba, photoUrls=[string], tags=[{id=0, name=string}], status=available}, {id=9223372000001104345, category={id=0, name=string}, name=doggie, photoUrls=[string], tags=[{id=0, name=string}], status=available}, {id=9223372000001104346, category={id=0, name=string}, name=doggie, photoUrls=[string], tags=[{id=0, name=string}], status=available}, {id=9223372000001104347, category={id=0, name=string}, name=doggie, photoUrls=[string], tags=[{id=0, name=string}], status=available}, {id=9223372000001104348, category={id=0, name=string}, name=fish, photoUrls=[string], tags=[{id=0, name=string}], status=available}, {id=9223372000001104349, category={id=0, name=string}, name=doggie, photoUrls=[string], tags=[{id=0, name=string}], status=available}, {id=9223372000001104350, category={id=0, name=string}, name=doggie, photoUrls=[string], tags=[{id=0, name=string}], status=available}, {id=9223372000001104351, category={id=0, name=string}, name=doggie, photoUrls=[string], tags=[{id=0, name=string}], status=available}, {id=9223372000001104352, category={id=0, name=string}, name=doggie, photoUrls=[string], tags=[{id=0, name=string}], status=available}, {id=9223372000001104353, category={id=0, name=string}, name=doggie, photoUrls=[string], tags=[{id=0, name=string}], status=available}, {id=9223372000001104354, category={id=0, name=string}, name=Aliona's Pet, photoUrls=[string], tags=[{id=0, name=string}], status=available}, {id=1, category={id=0, name=string}, name=doggie, photoUrls=[string], tags=[{id=0, name=string}], status=available}, {id=10500, category={id=10500, name=Liv Good}, name=Liv Good, photoUrls=[https://www.vets4pets.com/pet-health-advice/cat-advice/neutering-your-cat/], tags=[{id=10500, name=Liv Good}], status=available}, {id=9223372000001104358, category={id=0, name=Skip Roper}, name=Skip Roper, photoUrls=[], tags=[{id=0, name=Skip Roper}], status=available}, {id=9223372000001104360, category={id=0, name=string}, name=fish, photoUrls=[string], tags=[{id=0, name=string}], status=available}, {id=991, category={id=87, name=category991}, name=Llama, photoUrls=[string], tags=[{id=0, name=string}], status=available}, {id=9223372000001104361, category={id=0, name=string}, name=doggie, photoUrls=[string], tags=[{id=0, name=string}], status=available}, {id=9223372000001104362, category={id=0, name=string}, name=doggie, photoUrls=[string], tags=[{id=0, name=string}], status=available}, {id=9223372000001104363, category={id=0, name=string}, name=doggie, photoUrls=[string], tags=[{id=0, name=string}], status=available}, {id=9223372000001104364, category={id=0, name=string}, name=doggie, photoUrls=[string], tags=[{id=0, name=string}], status=available}, {id=9223372000001104365, category={id=0, name=string}, name=doggie, photoUrls=[string], tags=[{id=0, name=string}], status=available}, {id=9223372000001104366, category={id=0, name=string}, name=doggie, photoUrls=[string], tags=[{id=0, name=string}], status=available}, {id=9223372000001104367, category={id=0, name=string}, name=doggie, photoUrls=[string], tags=[{id=0, name=string}], status=available}, {id=9223372000001104368, category={id=0, name=string}, name=doggie, photoUrls=[string], tags=[{id=0, name=string}], status=available}, {id=9223372000001104369, category={id=0, name=string}, name=doggie, photoUrls=[string], tags=[{id=0, name=string}], status=available}, {id=9223372000001104370, category={id=0, name=string}, name=doggie, photoUrls=[string], tags=[{id=0, name=string}], status=available}, {id=7, category={id=7, name=sweet}, name=sweet, photoUrls=[string], tags=[{id=7, name=sweet}, {id=7, name=sweet}], status=available}, {id=3, category={id=3, name=honey}, name=honey, photoUrls=[string], tags=[{id=3, name=honey}, {id=9, name=chocolate}], status=available}, {id=9223372000001104375, category={id=0, name=string}, name=fish, photoUrls=[string], tags=[{id=0, name=string}], status=available}, {id=9223372000001104376, category={id=0, name=string}, name=doggie, photoUrls=[string], tags=[{id=0, name=string}], status=available}, {id=9223372000001104377, category={id=0, name=string}, name=doggie, photoUrls=[string], tags=[{id=0, name=string}], status=available}, {id=9223372000001104378, category={id=0, name=string}, name=doggie, photoUrls=[string], tags=[{id=0, name=string}], status=available}, {id=9223372000001104379, category={id=0, name=string}, name=doggie, photoUrls=[string], tags=[{id=0, name=string}], status=available}, {id=9223372000001104380, category={id=0, name=string}, name=doggie, photoUrls=[string], tags=[{id=0, name=string}], status=available}, {id=9223372000001104381, category={id=0, name=string}, name=doggie, photoUrls=[string], tags=[{id=0, name=string}], status=available}, {id=1000, category={id=1234, name=eyeColor}, name=Fluffy, photoUrls=[https://petstore.com/sample/photo1.jpg, https://petstore.com/sample/photo2.jpg], tags=[{id=1234, name=New York}, {id=124321, name=Jose}], status=available}, {id=9223372000001104382, category={id=0, name=string}, name=fish, photoUrls=[string], tags=[{id=0, name=string}], status=available}, {id=9223372000001104383, category={id=0, name=string}, name=doggie, photoUrls=[string], tags=[{id=0, name=string}], status=available}, {id=9223372000001104384, category={id=0, name=string}, name=doggie, photoUrls=[string], tags=[{id=0, name=string}], status=available}, {id=9223372000001104385, category={id=0, name=string}, name=doggie, photoUrls=[string], tags=[{id=0, name=string}], status=available}, {id=9223372000001104386, category={id=0, name=string}, name=doggie, photoUrls=[string], tags=[{id=0, name=string}], status=available}, {id=718016254588776640, category={id=0, name=string}, name=New Test Pet, photoUrls=[string], tags=[{id=0, name=string}], status=available}, {id=953803902251269790, category={id=0, name=string}, name=New Test Pet, photoUrls=[string], tags=[{id=0, name=string}], status=available}, {id=627479085201573189, category={id=0, name=string}, name=New Test Pet, photoUrls=[string], tags=[{id=0, name=string}], status=available}, {id=9223372000001104393, category={id=0, name=string}, name=fish, photoUrls=[string], tags=[{id=0, name=string}], status=available}, {id=9223372000001104394, category={id=0, name=string}, name=fish, photoUrls=[string], tags=[{id=0, name=string}], status=available}, {id=9223372000001104396, category={id=0, name=string}, name=doggie, photoUrls=[string], tags=[{id=0, name=string}], status=available}, {id=9223372000001104397, category={id=0, name=string}, name=doggie, photoUrls=[string], tags=[{id=0, name=string}], status=available}, {id=9223372000001104398, category={id=0, name=string}, name=doggie, photoUrls=[string], tags=[{id=0, name=string}], status=available}, {id=9223372000001104399, category={id=0, name=string}, name=doggie, photoUrls=[string], tags=[{id=0, name=string}], status=available}, {id=9223372000001104400, category={id=0, name=string}, name=doggie, photoUrls=[string], tags=[{id=0, name=string}], status=available}, {id=9223372000001104401, category={id=0, name=string}, name=doggie, photoUrls=[string], tags=[{id=0, name=string}], status=available}, {id=9223372000001104402, category={id=0, name=string}, name=doggie, photoUrls=[string], tags=[{id=0, name=string}], status=available}, {id=9223372000001104403, category={id=0, name=string}, name=doggie, photoUrls=[string], tags=[{id=0, name=string}], status=available}, {id=9223372000001104404, category={id=0, name=string}, name=doggie, photoUrls=[string], tags=[{id=0, name=string}], status=available}, {id=9223372000001104405, category={id=0, name=string}, name=doggie, photoUrls=[string], tags=[{id=0, name=string}], status=available}, {id=335553765693600719, category={id=0, name=string}, name=Updated Pet Name, photoUrls=[string], tags=[{id=0, name=string}], status=available}, {id=274380470829124222, category={id=0, name=string}, name=New Test Pet, photoUrls=[string], tags=[{id=0, name=string}], status=available}, {id=9223372000001104411, category={id=0, name=string}, name=doh, photoUrls=[string], tags=[{id=0, name=string}], status=available}, {id=9223372000001104414, category={id=0, name=string}, name=doggie, photoUrls=[string], tags=[{id=0, name=string}], status=available}, {id=9223372000001104415, category={id=0, name=string}, name=doggie, photoUrls=[string], tags=[{id=0, name=string}], status=available}, {id=9223372000001104416, category={id=0, name=string}, name=doggie, photoUrls=[string], tags=[{id=0, name=string}], status=available}, {id=9223372000001104417, category={id=0, name=string}, name=doggie, photoUrls=[string], tags=[{id=0, name=string}], status=available}, {id=9223372000001104418, category={id=0, name=string}, name=fish, photoUrls=[string], tags=[{id=0, name=string}], status=available}, {id=9223372000001104419, category={id=0, name=string}, name=doggie, photoUrls=[string], tags=[{id=0, name=string}], status=available}, {id=9223372000001104420, category={id=0, name=string}, name=doggie, photoUrls=[string], tags=[{id=0, name=string}], status=available}, {id=9223372000001104421, category={id=0, name=string}, name=doggie, photoUrls=[string], tags=[{id=0, name=string}], status=available}, {id=9223372000001104422, category={id=0, name=string}, name=doggie, photoUrls=[string], tags=[{id=0, name=string}], status=available}, {id=9223372000001104423, category={id=0, name=string}, name=doggie, photoUrls=[string], tags=[{id=0, name=string}], status=available}, {id=9223372000001104424, category={id=0, name=string}, name=fish, photoUrls=[string], tags=[{id=0, name=string}], status=available}]>

at java.base/jdk.internal.reflect.NativeConstructorAccessorImpl.newInstance0(Native Method)
at java.base/jdk.internal.reflect.NativeConstructorAccessorImpl.newInstance(NativeConstructorAccessorImpl.java:64)
at java.base/jdk.internal.reflect.DelegatingConstructorAccessorImpl.newInstance(DelegatingConstructorAccessorImpl.java:45)
at java.base/java.lang.reflect.Constructor.newInstanceWithCaller(Constructor.java:500)
at java.base/java.lang.reflect.Constructor.newInstance(Constructor.java:481)
at org.codehaus.groovy.reflection.CachedConstructor.invoke(CachedConstructor.java:72)
at org.codehaus.groovy.reflection.CachedConstructor.doConstructorInvoke(CachedConstructor.java:59)
at org.codehaus.groovy.runtime.callsite.ConstructorSite$ConstructorSiteNoUnwrap.callConstructor(ConstructorSite.java:84)
at org.codehaus.groovy.runtime.callsite.CallSiteArray.defaultCallConstructor(CallSiteArray.java:59)
at org.codehaus.groovy.runtime.callsite.AbstractCallSite.callConstructor(AbstractCallSite.java:263)
at org.codehaus.groovy.runtime.callsite.AbstractCallSite.callConstructor(AbstractCallSite.java:277)
at io.restassured.internal.ResponseSpecificationImpl$HamcrestAssertionClosure.validate(ResponseSpecificationImpl.groovy:493)
at io.restassured.internal.ResponseSpecificationImpl$HamcrestAssertionClosure$validate$1.call(Unknown Source)
at io.restassured.internal.ResponseSpecificationImpl.validateResponseIfRequired(ResponseSpecificationImpl.groovy:674)
at java.base/jdk.internal.reflect.NativeMethodAccessorImpl.invoke0(Native Method)
at java.base/jdk.internal.reflect.NativeMethodAccessorImpl.invoke(NativeMethodAccessorImpl.java:64)
at java.base/jdk.internal.reflect.DelegatingMethodAccessorImpl.invoke(DelegatingMethodAccessorImpl.java:43)
at java.base/java.lang.reflect.Method.invoke(Method.java:564)
at org.codehaus.groovy.runtime.callsite.PlainObjectMetaMethodSite.doInvoke(PlainObjectMetaMethodSite.java:43)
at org.codehaus.groovy.runtime.callsite.PogoMetaMethodSite$PogoCachedMethodSiteNoUnwrapNoCoerce.invoke(PogoMetaMethodSite.java:193)
at org.codehaus.groovy.runtime.callsite.PogoMetaMethodSite.callCurrent(PogoMetaMethodSite.java:61)
at org.codehaus.groovy.runtime.callsite.CallSiteArray.defaultCallCurrent(CallSiteArray.java:51)
at org.codehaus.groovy.runtime.callsite.AbstractCallSite.callCurrent(AbstractCallSite.java:171)
at org.codehaus.groovy.runtime.callsite.AbstractCallSite.callCurrent(AbstractCallSite.java:185)
at io.restassured.internal.ResponseSpecificationImpl.body(ResponseSpecificationImpl.groovy:261)
at io.restassured.specification.ResponseSpecification$body$1.callCurrent(Unknown Source)
at org.codehaus.groovy.runtime.callsite.CallSiteArray.defaultCallCurrent(CallSiteArray.java:51)
at org.codehaus.groovy.runtime.callsite.AbstractCallSite.callCurrent(AbstractCallSite.java:171)
at org.codehaus.groovy.runtime.callsite.AbstractCallSite.callCurrent(AbstractCallSite.java:212)
at io.restassured.internal.ResponseSpecificationImpl.body(ResponseSpecificationImpl.groovy:108)
at io.restassured.internal.ValidatableResponseOptionsImpl.body(ValidatableResponseOptionsImpl.java:244)
at io.restassured.internal.ValidatableResponseImpl.super$2$body(ValidatableResponseImpl.groovy)
at java.base/jdk.internal.reflect.NativeMethodAccessorImpl.invoke0(Native Method)
at java.base/jdk.internal.reflect.NativeMethodAccessorImpl.invoke(NativeMethodAccessorImpl.java:64)
at java.base/jdk.internal.reflect.DelegatingMethodAccessorImpl.invoke(DelegatingMethodAccessorImpl.java:43)
at java.base/java.lang.reflect.Method.invoke(Method.java:564)
at org.codehaus.groovy.reflection.CachedMethod.invoke(CachedMethod.java:107)
at groovy.lang.MetaMethod.doMethodInvoke(MetaMethod.java:323)
at groovy.lang.MetaClassImpl.invokeMethod(MetaClassImpl.java:1268)
at org.codehaus.groovy.runtime.ScriptBytecodeAdapter.invokeMethodOnSuperN(ScriptBytecodeAdapter.java:144)
at io.restassured.internal.ValidatableResponseImpl.body(ValidatableResponseImpl.groovy:298)
at io.restassured.internal.ValidatableResponseImpl.body(ValidatableResponseImpl.groovy)
at Test04_Get.getResponseBody(Test04_Get.java:14)
at java.base/jdk.internal.reflect.NativeMethodAccessorImpl.invoke0(Native Method)
at java.base/jdk.internal.reflect.NativeMethodAccessorImpl.invoke(NativeMethodAccessorImpl.java:64)
at java.base/jdk.internal.reflect.DelegatingMethodAccessorImpl.invoke(DelegatingMethodAccessorImpl.java:43)
at java.base/java.lang.reflect.Method.invoke(Method.java:564)
at org.testng.internal.MethodInvocationHelper.invokeMethod(MethodInvocationHelper.java:133)
at org.testng.internal.TestInvoker.invokeMethod(TestInvoker.java:598)
at org.testng.internal.TestInvoker.invokeTestMethod(TestInvoker.java:173)
at org.testng.internal.MethodRunner.runInSequence(MethodRunner.java:46)
at org.testng.internal.TestInvoker$MethodInvocationAgent.invoke(TestInvoker.java:824)
at org.testng.internal.TestInvoker.invokeTestMethods(TestInvoker.java:146)
at org.testng.internal.TestMethodWorker.invokeTestMethods(TestMethodWorker.java:146)
at org.testng.internal.TestMethodWorker.run(TestMethodWorker.java:128)
at java.base/java.util.ArrayList.forEach(ArrayList.java:1511)
at org.testng.TestRunner.privateRun(TestRunner.java:794)
at org.testng.TestRunner.run(TestRunner.java:596)
at org.testng.SuiteRunner.runTest(SuiteRunner.java:377)
at org.testng.SuiteRunner.runSequentially(SuiteRunner.java:371)
at org.testng.SuiteRunner.privateRun(SuiteRunner.java:332)
at org.testng.SuiteRunner.run(SuiteRunner.java:276)
at org.testng.SuiteRunnerWorker.runSuite(SuiteRunnerWorker.java:53)
at org.testng.SuiteRunnerWorker.run(SuiteRunnerWorker.java:96)
at org.testng.TestNG.runSuitesSequentially(TestNG.java:1212)
at org.testng.TestNG.runSuitesLocally(TestNG.java:1134)
at org.testng.TestNG.runSuites(TestNG.java:1063)
at org.testng.TestNG.run(TestNG.java:1031)
at org.testng.remote.AbstractRemoteTestNG.run(AbstractRemoteTestNG.java:115)
at org.testng.remote.RemoteTestNG.initAndRun(RemoteTestNG.java:251)
at org.testng.remote.RemoteTestNG.main(RemoteTestNG.java:77)
]]>
    </failure>
  </testcase> <!-- getResponseBody -->
  <system-out/>
</testsuite> <!-- Test04_Get -->
